[0.044s] Invoking command in '/home/aditya/ros2_ws/build/tutorial_interfaces': /usr/bin/cmake /home/aditya/ros2_ws/src/tutorial_interfaces -DCMAKE_INSTALL_PREFIX=/home/aditya/ros2_ws/install/tutorial_interfaces
[0.074s] -- Found ament_cmake: 1.3.9 (/opt/ros/humble/share/ament_cmake/cmake)
[0.492s] -- Found ament_lint_auto: 0.12.11 (/opt/ros/humble/share/ament_lint_auto/cmake)
[0.677s] Error parsing '/home/aditya/ros2_ws/src/tutorial_interfaces/package.xml':
[0.816s] Traceback (most recent call last):
[0.816s]   File "/usr/lib/python3/dist-packages/catkin_pkg/package.py", line 610, in parse_package_string
[0.817s]     root = dom.parseString(data)
[0.817s]   File "/usr/lib/python3.10/xml/dom/minidom.py", line 2000, in parseString
[0.818s]     return expatbuilder.parseString(string)
[0.818s]   File "/usr/lib/python3.10/xml/dom/expatbuilder.py", line 925, in parseString
[0.819s]     return builder.parseString(string)
[0.819s]   File "/usr/lib/python3.10/xml/dom/expatbuilder.py", line 223, in parseString
[0.820s]     parser.Parse(string, True)
[0.820s] xml.parsers.expat.ExpatError: junk after document element: line 19, column 0
[0.820s] 
[0.820s] During handling of the above exception, another exception occurred:
[0.820s] 
[0.821s] Traceback (most recent call last):
[0.821s]   File "/opt/ros/humble/share/ament_cmake_core/cmake/core/package_xml_2_cmake.py", line 150, in <module>
[0.822s]     main()
[0.822s]   File "/opt/ros/humble/share/ament_cmake_core/cmake/core/package_xml_2_cmake.py", line 53, in main
[0.822s]     raise e
[0.823s]   File "/opt/ros/humble/share/ament_cmake_core/cmake/core/package_xml_2_cmake.py", line 49, in main
[0.823s]     package = parse_package_string(
[0.823s]   File "/usr/lib/python3/dist-packages/catkin_pkg/package.py", line 612, in parse_package_string
[0.824s]     raise InvalidPackage('The manifest contains invalid XML:\n%s' % ex, filename)
[0.824s] catkin_pkg.package.InvalidPackage: Error(s) in package '/home/aditya/ros2_ws/src/tutorial_interfaces/package.xml':
[0.824s] The manifest contains invalid XML:
[0.824s] junk after document element: line 19, column 0
[0.865s] [31mCMake Error at /opt/ros/humble/share/ament_cmake_core/cmake/core/ament_package_xml.cmake:95 (message):
[0.865s]   execute_process(/usr/bin/python3
[0.865s]   /opt/ros/humble/share/ament_cmake_core/cmake/core/package_xml_2_cmake.py
[0.865s]   /home/aditya/ros2_ws/src/tutorial_interfaces/package.xml
[0.865s]   /home/aditya/ros2_ws/build/tutorial_interfaces/ament_cmake_core/package.cmake)
[0.866s]   returned error code 1
[0.866s] Call Stack (most recent call first):
[0.866s]   /opt/ros/humble/share/ament_cmake_core/cmake/core/ament_package_xml.cmake:49 (_ament_package_xml)
[0.866s]   /opt/ros/humble/share/ament_lint_auto/cmake/ament_lint_auto_find_test_dependencies.cmake:31 (ament_package_xml)
[0.866s]   CMakeLists.txt:23 (ament_lint_auto_find_test_dependencies)
[0.867s] 
[0.867s] [0m
[0.867s] -- Configuring incomplete, errors occurred!
[0.867s] See also "/home/aditya/ros2_ws/build/tutorial_interfaces/CMakeFiles/CMakeOutput.log".
[0.871s] Invoked command in '/home/aditya/ros2_ws/build/tutorial_interfaces' returned '1': /usr/bin/cmake /home/aditya/ros2_ws/src/tutorial_interfaces -DCMAKE_INSTALL_PREFIX=/home/aditya/ros2_ws/install/tutorial_interfaces
