[0.044s] Invoking command in '/home/aditya/ros2_ws/build/examples_rclcpp_cbg_executor': CMAKE_PREFIX_PATH=/opt/ros/humble /usr/bin/cmake /home/aditya/ros2_ws/src/examples/rclcpp/executors/cbg_executor -DAMENT_CMAKE_SYMLINK_INSTALL=1 -DCMAKE_INSTALL_PREFIX=/home/aditya/ros2_ws/install/examples_rclcpp_cbg_executor
[0.515s] -- The C compiler identification is GNU 11.4.0
[0.947s] -- The CXX compiler identification is GNU 11.4.0
[0.974s] -- Detecting C compiler ABI info
[1.177s] -- Detecting C compiler ABI info - done
[1.219s] -- Check for working C compiler: /usr/bin/cc - skipped
[1.221s] -- Detecting C compile features
[1.222s] -- Detecting C compile features - done
[1.231s] -- Detecting CXX compiler ABI info
[1.442s] -- Detecting CXX compiler ABI info - done
[1.487s] -- Check for working CXX compiler: /usr/bin/c++ - skipped
[1.488s] -- Detecting CXX compile features
[1.495s] -- Detecting CXX compile features - done
[1.525s] -- Found ament_cmake: 1.3.9 (/opt/ros/humble/share/ament_cmake/cmake)
[1.977s] -- Found Python3: /usr/bin/python3 (found version "3.10.12") found components: Interpreter 
[2.181s] -- Override CMake install command with custom implementation using symlinks instead of copying resources
[2.281s] -- Found rclcpp: 16.0.9 (/opt/ros/humble/share/rclcpp/cmake)
[2.448s] -- Found rosidl_generator_c: 3.1.5 (/opt/ros/humble/share/rosidl_generator_c/cmake)
[2.466s] -- Found rosidl_adapter: 3.1.5 (/opt/ros/humble/share/rosidl_adapter/cmake)
[2.496s] -- Found rosidl_generator_cpp: 3.1.5 (/opt/ros/humble/share/rosidl_generator_cpp/cmake)
[2.564s] -- Using all available rosidl_typesupport_c: rosidl_typesupport_fastrtps_c;rosidl_typesupport_introspection_c
[2.664s] -- Using all available rosidl_typesupport_cpp: rosidl_typesupport_fastrtps_cpp;rosidl_typesupport_introspection_cpp
[3.011s] -- Found rmw_implementation_cmake: 6.1.2 (/opt/ros/humble/share/rmw_implementation_cmake/cmake)
[3.024s] -- Found rmw_fastrtps_cpp: 6.2.6 (/opt/ros/humble/share/rmw_fastrtps_cpp/cmake)
[3.388s] -- Found OpenSSL: /usr/lib/x86_64-linux-gnu/libcrypto.so (found version "3.0.2")  
[3.466s] -- Found FastRTPS: /opt/ros/humble/include  
[3.629s] -- Using RMW implementation 'rmw_fastrtps_cpp' as default
[3.671s] -- Looking for pthread.h
[3.912s] -- Looking for pthread.h - found
[3.913s] -- Performing Test CMAKE_HAVE_LIBC_PTHREAD
[4.112s] -- Performing Test CMAKE_HAVE_LIBC_PTHREAD - Success
[4.115s] -- Found Threads: TRUE  
[4.858s] -- Found ament_lint_auto: 0.12.11 (/opt/ros/humble/share/ament_lint_auto/cmake)
[5.097s] -- Added test 'copyright' to check source files copyright and LICENSE
[5.105s] -- Added test 'cppcheck' to perform static code analysis on C / C++ code
[5.107s] -- Configured cppcheck include dirs: /home/aditya/ros2_ws/src/examples/rclcpp/executors/cbg_executor/include
[5.108s] -- Configured cppcheck exclude dirs and/or files: 
[5.113s] -- Added test 'cpplint' to check C / C++ code against the Google style
[5.114s] -- Configured cpplint exclude dirs and/or files: 
[5.117s] -- Added test 'lint_cmake' to check CMake code style
[5.123s] -- Added test 'uncrustify' to check C / C++ code style
[5.123s] -- Configured uncrustify additional arguments: 
[5.126s] -- Added test 'xmllint' to check XML markup files
[5.135s] -- Configuring done
[5.179s] -- Generating done
[5.185s] -- Build files have been written to: /home/aditya/ros2_ws/build/examples_rclcpp_cbg_executor
[5.213s] Invoked command in '/home/aditya/ros2_ws/build/examples_rclcpp_cbg_executor' returned '0': CMAKE_PREFIX_PATH=/opt/ros/humble /usr/bin/cmake /home/aditya/ros2_ws/src/examples/rclcpp/executors/cbg_executor -DAMENT_CMAKE_SYMLINK_INSTALL=1 -DCMAKE_INSTALL_PREFIX=/home/aditya/ros2_ws/install/examples_rclcpp_cbg_executor
[5.217s] Invoking command in '/home/aditya/ros2_ws/build/examples_rclcpp_cbg_executor': CMAKE_PREFIX_PATH=/opt/ros/humble /usr/bin/cmake --build /home/aditya/ros2_ws/build/examples_rclcpp_cbg_executor -- -j2 -l2
[5.351s] [ 10%] [32mBuilding CXX object CMakeFiles/ping.dir/src/ping.cpp.o[0m
[5.427s] [ 20%] [32mBuilding CXX object CMakeFiles/pong.dir/src/pong.cpp.o[0m
[21.236s] [ 30%] [32mBuilding CXX object CMakeFiles/ping.dir/src/examples_rclcpp_cbg_executor/ping_node.cpp.o[0m
[23.217s] [ 40%] [32mBuilding CXX object CMakeFiles/pong.dir/src/examples_rclcpp_cbg_executor/pong_node.cpp.o[0m
[46.325s] gmake[2]: *** [CMakeFiles/pong.dir/build.make:90: CMakeFiles/pong.dir/src/examples_rclcpp_cbg_executor/pong_node.cpp.o] Interrupt
[46.326s] gmake[2]: *** [CMakeFiles/ping.dir/build.make:90: CMakeFiles/ping.dir/src/examples_rclcpp_cbg_executor/ping_node.cpp.o] Interrupt
[46.327s] gmake[1]: *** [CMakeFiles/Makefile2:167: CMakeFiles/pong.dir/all] Interrupt
[46.327s] gmake[1]: *** [CMakeFiles/Makefile2:141: CMakeFiles/ping.dir/all] Interrupt
[46.327s] gmake: *** [Makefile:146: all] Interrupt
[46.475s] Invoked command in '/home/aditya/ros2_ws/build/examples_rclcpp_cbg_executor' returned '-2': CMAKE_PREFIX_PATH=/opt/ros/humble /usr/bin/cmake --build /home/aditya/ros2_ws/build/examples_rclcpp_cbg_executor -- -j2 -l2
