[0.075s] Invoking command in '/home/aditya/ros2_ws/build/examples_rclcpp_cbg_executor': CMAKE_PREFIX_PATH=${CMAKE_PREFIX_PATH}:/home/aditya/install/launch_testing_examples:/home/aditya/install/examples_rclpy_pointcloud_publisher:/home/aditya/install/examples_rclpy_minimal_subscriber:/home/aditya/install/examples_rclpy_minimal_service:/home/aditya/install/examples_rclpy_minimal_publisher:/home/aditya/install/examples_rclpy_minimal_client:/home/aditya/install/examples_rclpy_minimal_action_server:/home/aditya/install/examples_rclpy_minimal_action_client:/home/aditya/install/examples_rclpy_guard_conditions:/home/aditya/install/examples_rclpy_executors:/opt/ros/humble /usr/bin/cmake /home/aditya/ros2_ws/src/examples/rclcpp/executors/cbg_executor -DCMAKE_INSTALL_PREFIX=/home/aditya/ros2_ws/install/examples_rclcpp_cbg_executor
[0.153s] -- Found ament_cmake: 1.3.9 (/opt/ros/humble/share/ament_cmake/cmake)
[0.790s] -- Override CMake install command with custom implementation using symlinks instead of copying resources
[0.850s] -- Found rclcpp: 16.0.9 (/opt/ros/humble/share/rclcpp/cmake)
[1.023s] -- Found rosidl_generator_c: 3.1.5 (/opt/ros/humble/share/rosidl_generator_c/cmake)
[1.039s] -- Found rosidl_adapter: 3.1.5 (/opt/ros/humble/share/rosidl_adapter/cmake)
[1.077s] -- Found rosidl_generator_cpp: 3.1.5 (/opt/ros/humble/share/rosidl_generator_cpp/cmake)
[1.153s] -- Using all available rosidl_typesupport_c: rosidl_typesupport_fastrtps_c;rosidl_typesupport_introspection_c
[1.241s] -- Using all available rosidl_typesupport_cpp: rosidl_typesupport_fastrtps_cpp;rosidl_typesupport_introspection_cpp
[1.525s] -- Found rmw_implementation_cmake: 6.1.2 (/opt/ros/humble/share/rmw_implementation_cmake/cmake)
[1.538s] -- Found rmw_fastrtps_cpp: 6.2.6 (/opt/ros/humble/share/rmw_fastrtps_cpp/cmake)
[1.962s] -- Using RMW implementation 'rmw_fastrtps_cpp' as default
[2.778s] -- Found ament_lint_auto: 0.12.11 (/opt/ros/humble/share/ament_lint_auto/cmake)
[3.161s] -- Added test 'copyright' to check source files copyright and LICENSE
[3.167s] -- Added test 'cppcheck' to perform static code analysis on C / C++ code
[3.168s] -- Configured cppcheck include dirs: /home/aditya/ros2_ws/src/examples/rclcpp/executors/cbg_executor/include
[3.168s] -- Configured cppcheck exclude dirs and/or files: 
[3.174s] -- Added test 'cpplint' to check C / C++ code against the Google style
[3.174s] -- Configured cpplint exclude dirs and/or files: 
[3.180s] -- Added test 'lint_cmake' to check CMake code style
[3.185s] -- Added test 'uncrustify' to check C / C++ code style
[3.186s] -- Configured uncrustify additional arguments: 
[3.188s] -- Added test 'xmllint' to check XML markup files
[3.200s] -- Configuring done
[3.288s] -- Generating done
[3.297s] -- Build files have been written to: /home/aditya/ros2_ws/build/examples_rclcpp_cbg_executor
[3.334s] Invoked command in '/home/aditya/ros2_ws/build/examples_rclcpp_cbg_executor' returned '0': CMAKE_PREFIX_PATH=${CMAKE_PREFIX_PATH}:/home/aditya/install/launch_testing_examples:/home/aditya/install/examples_rclpy_pointcloud_publisher:/home/aditya/install/examples_rclpy_minimal_subscriber:/home/aditya/install/examples_rclpy_minimal_service:/home/aditya/install/examples_rclpy_minimal_publisher:/home/aditya/install/examples_rclpy_minimal_client:/home/aditya/install/examples_rclpy_minimal_action_server:/home/aditya/install/examples_rclpy_minimal_action_client:/home/aditya/install/examples_rclpy_guard_conditions:/home/aditya/install/examples_rclpy_executors:/opt/ros/humble /usr/bin/cmake /home/aditya/ros2_ws/src/examples/rclcpp/executors/cbg_executor -DCMAKE_INSTALL_PREFIX=/home/aditya/ros2_ws/install/examples_rclcpp_cbg_executor
[3.335s] Invoking command in '/home/aditya/ros2_ws/build/examples_rclcpp_cbg_executor': CMAKE_PREFIX_PATH=${CMAKE_PREFIX_PATH}:/home/aditya/install/launch_testing_examples:/home/aditya/install/examples_rclpy_pointcloud_publisher:/home/aditya/install/examples_rclpy_minimal_subscriber:/home/aditya/install/examples_rclpy_minimal_service:/home/aditya/install/examples_rclpy_minimal_publisher:/home/aditya/install/examples_rclpy_minimal_client:/home/aditya/install/examples_rclpy_minimal_action_server:/home/aditya/install/examples_rclpy_minimal_action_client:/home/aditya/install/examples_rclpy_guard_conditions:/home/aditya/install/examples_rclpy_executors:/opt/ros/humble /usr/bin/cmake --build /home/aditya/ros2_ws/build/examples_rclcpp_cbg_executor -- -j2 -l2
[3.498s] [35m[1mConsolidate compiler generated dependencies of target pong[0m
[3.519s] [35m[1mConsolidate compiler generated dependencies of target ping[0m
[3.595s] [ 10%] [32mBuilding CXX object CMakeFiles/pong.dir/src/examples_rclcpp_cbg_executor/pong_node.cpp.o[0m
[3.619s] [ 20%] [32mBuilding CXX object CMakeFiles/ping.dir/src/examples_rclcpp_cbg_executor/ping_node.cpp.o[0m
[106.896s] [ 30%] [32m[1mLinking CXX executable pong[0m
[109.933s] [ 40%] Built target pong
[110.436s] gmake[2]: *** [CMakeFiles/ping.dir/build.make:90: CMakeFiles/ping.dir/src/examples_rclcpp_cbg_executor/ping_node.cpp.o] Interrupt
[110.501s] gmake[1]: *** [CMakeFiles/Makefile2:141: CMakeFiles/ping.dir/all] Interrupt
[110.508s] gmake: *** [Makefile:146: all] Interrupt
[110.712s] Invoked command in '/home/aditya/ros2_ws/build/examples_rclcpp_cbg_executor' returned '-2': CMAKE_PREFIX_PATH=${CMAKE_PREFIX_PATH}:/home/aditya/install/launch_testing_examples:/home/aditya/install/examples_rclpy_pointcloud_publisher:/home/aditya/install/examples_rclpy_minimal_subscriber:/home/aditya/install/examples_rclpy_minimal_service:/home/aditya/install/examples_rclpy_minimal_publisher:/home/aditya/install/examples_rclpy_minimal_client:/home/aditya/install/examples_rclpy_minimal_action_server:/home/aditya/install/examples_rclpy_minimal_action_client:/home/aditya/install/examples_rclpy_guard_conditions:/home/aditya/install/examples_rclpy_executors:/opt/ros/humble /usr/bin/cmake --build /home/aditya/ros2_ws/build/examples_rclcpp_cbg_executor -- -j2 -l2
