[0.000000] (-) TimerEvent: {}
[0.000372] (examples_rclcpp_async_client) JobQueued: {'identifier': 'examples_rclcpp_async_client', 'dependencies': OrderedDict([('examples_rclcpp_async_client', '/home/aditya/ros2_ws/install/examples_rclcpp_async_client')])}
[0.000459] (examples_rclcpp_cbg_executor) JobQueued: {'identifier': 'examples_rclcpp_cbg_executor', 'dependencies': OrderedDict([('examples_rclcpp_cbg_executor', '/home/aditya/ros2_ws/install/examples_rclcpp_cbg_executor')])}
[0.000522] (examples_rclcpp_minimal_action_client) JobQueued: {'identifier': 'examples_rclcpp_minimal_action_client', 'dependencies': OrderedDict([('examples_rclcpp_minimal_action_client', '/home/aditya/ros2_ws/install/examples_rclcpp_minimal_action_client')])}
[0.000582] (examples_rclcpp_minimal_action_server) JobQueued: {'identifier': 'examples_rclcpp_minimal_action_server', 'dependencies': OrderedDict([('examples_rclcpp_minimal_action_server', '/home/aditya/ros2_ws/install/examples_rclcpp_minimal_action_server')])}
[0.000639] (examples_rclcpp_minimal_client) JobQueued: {'identifier': 'examples_rclcpp_minimal_client', 'dependencies': OrderedDict([('examples_rclcpp_minimal_client', '/home/aditya/ros2_ws/install/examples_rclcpp_minimal_client')])}
[0.000705] (examples_rclcpp_minimal_composition) JobQueued: {'identifier': 'examples_rclcpp_minimal_composition', 'dependencies': OrderedDict([('examples_rclcpp_minimal_composition', '/home/aditya/ros2_ws/install/examples_rclcpp_minimal_composition')])}
[0.000764] (examples_rclcpp_minimal_publisher) JobQueued: {'identifier': 'examples_rclcpp_minimal_publisher', 'dependencies': OrderedDict([('examples_rclcpp_minimal_publisher', '/home/aditya/ros2_ws/install/examples_rclcpp_minimal_publisher')])}
[0.000821] (examples_rclcpp_minimal_service) JobQueued: {'identifier': 'examples_rclcpp_minimal_service', 'dependencies': OrderedDict([('examples_rclcpp_minimal_service', '/home/aditya/ros2_ws/install/examples_rclcpp_minimal_service')])}
[0.000878] (examples_rclcpp_minimal_subscriber) JobQueued: {'identifier': 'examples_rclcpp_minimal_subscriber', 'dependencies': OrderedDict([('examples_rclcpp_minimal_subscriber', '/home/aditya/ros2_ws/install/examples_rclcpp_minimal_subscriber')])}
[0.000934] (examples_rclcpp_minimal_timer) JobQueued: {'identifier': 'examples_rclcpp_minimal_timer', 'dependencies': OrderedDict([('examples_rclcpp_minimal_timer', '/home/aditya/ros2_ws/install/examples_rclcpp_minimal_timer')])}
[0.000991] (examples_rclcpp_multithreaded_executor) JobQueued: {'identifier': 'examples_rclcpp_multithreaded_executor', 'dependencies': OrderedDict([('examples_rclcpp_multithreaded_executor', '/home/aditya/ros2_ws/install/examples_rclcpp_multithreaded_executor')])}
[0.001048] (examples_rclcpp_wait_set) JobQueued: {'identifier': 'examples_rclcpp_wait_set', 'dependencies': OrderedDict([('examples_rclcpp_wait_set', '/home/aditya/ros2_ws/install/examples_rclcpp_wait_set')])}
[0.001133] (examples_rclpy_executors) JobQueued: {'identifier': 'examples_rclpy_executors', 'dependencies': OrderedDict([('examples_rclpy_executors', '/home/aditya/ros2_ws/install/examples_rclpy_executors')])}
[0.001198] (examples_rclpy_guard_conditions) JobQueued: {'identifier': 'examples_rclpy_guard_conditions', 'dependencies': OrderedDict([('examples_rclpy_guard_conditions', '/home/aditya/ros2_ws/install/examples_rclpy_guard_conditions')])}
[0.001255] (examples_rclpy_minimal_action_client) JobQueued: {'identifier': 'examples_rclpy_minimal_action_client', 'dependencies': OrderedDict([('examples_rclpy_minimal_action_client', '/home/aditya/ros2_ws/install/examples_rclpy_minimal_action_client')])}
[0.001312] (examples_rclpy_minimal_action_server) JobQueued: {'identifier': 'examples_rclpy_minimal_action_server', 'dependencies': OrderedDict([('examples_rclpy_minimal_action_server', '/home/aditya/ros2_ws/install/examples_rclpy_minimal_action_server')])}
[0.001369] (examples_rclpy_minimal_client) JobQueued: {'identifier': 'examples_rclpy_minimal_client', 'dependencies': OrderedDict([('examples_rclpy_minimal_client', '/home/aditya/ros2_ws/install/examples_rclpy_minimal_client')])}
[0.001584] (examples_rclpy_minimal_publisher) JobQueued: {'identifier': 'examples_rclpy_minimal_publisher', 'dependencies': OrderedDict([('examples_rclpy_minimal_publisher', '/home/aditya/ros2_ws/install/examples_rclpy_minimal_publisher')])}
[0.001654] (examples_rclpy_minimal_service) JobQueued: {'identifier': 'examples_rclpy_minimal_service', 'dependencies': OrderedDict([('examples_rclpy_minimal_service', '/home/aditya/ros2_ws/install/examples_rclpy_minimal_service')])}
[0.001723] (examples_rclpy_minimal_subscriber) JobQueued: {'identifier': 'examples_rclpy_minimal_subscriber', 'dependencies': OrderedDict([('examples_rclpy_minimal_subscriber', '/home/aditya/ros2_ws/install/examples_rclpy_minimal_subscriber')])}
[0.001782] (examples_rclpy_pointcloud_publisher) JobQueued: {'identifier': 'examples_rclpy_pointcloud_publisher', 'dependencies': OrderedDict([('examples_rclpy_pointcloud_publisher', '/home/aditya/ros2_ws/install/examples_rclpy_pointcloud_publisher')])}
[0.001840] (launch_testing_examples) JobQueued: {'identifier': 'launch_testing_examples', 'dependencies': OrderedDict([('launch_testing_examples', '/home/aditya/ros2_ws/install/launch_testing_examples')])}
[0.001976] (examples_rclcpp_async_client) JobStarted: {'identifier': 'examples_rclcpp_async_client'}
[0.046475] (examples_rclcpp_cbg_executor) JobStarted: {'identifier': 'examples_rclcpp_cbg_executor'}
[0.055168] (examples_rclcpp_cbg_executor) JobEnded: {'identifier': 'examples_rclcpp_cbg_executor', 'rc': 1}
[0.056761] (examples_rclcpp_minimal_action_client) JobStarted: {'identifier': 'examples_rclcpp_minimal_action_client'}
[0.097484] (-) TimerEvent: {}
[0.181187] (examples_rclcpp_async_client) Command: {'cmd': ['/usr/bin/ctest', '-C', 'Release', '-D', 'ExperimentalTest', '--no-compress-output', '-V', '--force-new-ctest-process'], 'cwd': '/home/aditya/ros2_ws/build/examples_rclcpp_async_client', 'env': OrderedDict([('LESSOPEN', '| /usr/bin/lesspipe %s'), ('LANGUAGE', 'en_IN:en'), ('USER', 'aditya'), ('XDG_SESSION_TYPE', 'wayland'), ('SHLVL', '1'), ('LD_LIBRARY_PATH', '/opt/ros/humble/opt/rviz_ogre_vendor/lib:/opt/ros/humble/lib/x86_64-linux-gnu:/opt/ros/humble/lib'), ('HOME', '/home/aditya'), ('OLDPWD', '/home/aditya'), ('DESKTOP_SESSION', 'ubuntu'), ('ROS_PYTHON_VERSION', '3'), ('GNOME_SHELL_SESSION_MODE', 'ubuntu'), ('GTK_MODULES', 'gail:atk-bridge'), ('SYSTEMD_EXEC_PID', '2721'), ('DBUS_SESSION_BUS_ADDRESS', 'unix:path=/run/user/1000/bus'), ('COLORTERM', 'truecolor'), ('IM_CONFIG_PHASE', '1'), ('WAYLAND_DISPLAY', 'wayland-0'), ('COLCON_PREFIX_PATH', '/home/aditya/ros2_ws/install'), ('ROS_DISTRO', 'humble'), ('LOGNAME', 'aditya'), ('_', '/usr/bin/colcon'), ('ROS_VERSION', '2'), ('XDG_SESSION_CLASS', 'user'), ('USERNAME', 'aditya'), ('TERM', 'xterm-256color'), ('GNOME_DESKTOP_SESSION_ID', 'this-is-deprecated'), ('ROS_LOCALHOST_ONLY', '0'), ('PATH', '/opt/ros/humble/bin:/usr/local/sbin:/usr/local/bin:/usr/sbin:/usr/bin:/sbin:/bin:/usr/games:/usr/local/games:/snap/bin:/snap/bin'), ('SESSION_MANAGER', 'local/ubuntu22:@/tmp/.ICE-unix/2690,unix/ubuntu22:/tmp/.ICE-unix/2690'), ('XDG_MENU_PREFIX', 'gnome-'), ('GNOME_TERMINAL_SCREEN', '/org/gnome/Terminal/screen/2a0bb8c0_ef1c_4b92_954c_66af5d09eff6'), ('GNOME_SETUP_DISPLAY', ':1'), ('XDG_RUNTIME_DIR', '/run/user/1000'), ('DISPLAY', ':0'), ('LANG', 'en_US.UTF-8'), ('XDG_CURRENT_DESKTOP', 'ubuntu:GNOME'), ('XMODIFIERS', '@im=ibus'), ('XDG_SESSION_DESKTOP', 'ubuntu'), ('XAUTHORITY', '/run/user/1000/.mutter-Xwaylandauth.G940P2'), ('LS_COLORS', 'rs=0:di=01;34:ln=01;36:mh=00:pi=40;33:so=01;35:do=01;35:bd=40;33;01:cd=40;33;01:or=40;31;01:mi=00:su=37;41:sg=30;43:ca=30;41:tw=30;42:ow=34;42:st=37;44:ex=01;32:*.tar=01;31:*.tgz=01;31:*.arc=01;31:*.arj=01;31:*.taz=01;31:*.lha=01;31:*.lz4=01;31:*.lzh=01;31:*.lzma=01;31:*.tlz=01;31:*.txz=01;31:*.tzo=01;31:*.t7z=01;31:*.zip=01;31:*.z=01;31:*.dz=01;31:*.gz=01;31:*.lrz=01;31:*.lz=01;31:*.lzo=01;31:*.xz=01;31:*.zst=01;31:*.tzst=01;31:*.bz2=01;31:*.bz=01;31:*.tbz=01;31:*.tbz2=01;31:*.tz=01;31:*.deb=01;31:*.rpm=01;31:*.jar=01;31:*.war=01;31:*.ear=01;31:*.sar=01;31:*.rar=01;31:*.alz=01;31:*.ace=01;31:*.zoo=01;31:*.cpio=01;31:*.7z=01;31:*.rz=01;31:*.cab=01;31:*.wim=01;31:*.swm=01;31:*.dwm=01;31:*.esd=01;31:*.jpg=01;35:*.jpeg=01;35:*.mjpg=01;35:*.mjpeg=01;35:*.gif=01;35:*.bmp=01;35:*.pbm=01;35:*.pgm=01;35:*.ppm=01;35:*.tga=01;35:*.xbm=01;35:*.xpm=01;35:*.tif=01;35:*.tiff=01;35:*.png=01;35:*.svg=01;35:*.svgz=01;35:*.mng=01;35:*.pcx=01;35:*.mov=01;35:*.mpg=01;35:*.mpeg=01;35:*.m2v=01;35:*.mkv=01;35:*.webm=01;35:*.webp=01;35:*.ogm=01;35:*.mp4=01;35:*.m4v=01;35:*.mp4v=01;35:*.vob=01;35:*.qt=01;35:*.nuv=01;35:*.wmv=01;35:*.asf=01;35:*.rm=01;35:*.rmvb=01;35:*.flc=01;35:*.avi=01;35:*.fli=01;35:*.flv=01;35:*.gl=01;35:*.dl=01;35:*.xcf=01;35:*.xwd=01;35:*.yuv=01;35:*.cgm=01;35:*.emf=01;35:*.ogv=01;35:*.ogx=01;35:*.aac=00;36:*.au=00;36:*.flac=00;36:*.m4a=00;36:*.mid=00;36:*.midi=00;36:*.mka=00;36:*.mp3=00;36:*.mpc=00;36:*.ogg=00;36:*.ra=00;36:*.wav=00;36:*.oga=00;36:*.opus=00;36:*.spx=00;36:*.xspf=00;36:'), ('GNOME_TERMINAL_SERVICE', ':1.150'), ('SSH_AGENT_LAUNCHER', 'gnome-keyring'), ('SSH_AUTH_SOCK', '/run/user/1000/keyring/ssh'), ('AMENT_PREFIX_PATH', '/home/aditya/ros2_ws/install/examples_rclcpp_async_client:/opt/ros/humble'), ('SHELL', '/bin/bash'), ('QT_ACCESSIBILITY', '1'), ('GDMSESSION', 'ubuntu'), ('LESSCLOSE', '/usr/bin/lesspipe %s %s'), ('QT_IM_MODULE', 'ibus'), ('PWD', '/home/aditya/ros2_ws/build/examples_rclcpp_async_client'), ('LC_ALL', 'en_US.UTF-8'), ('XDG_CONFIG_DIRS', '/etc/xdg/xdg-ubuntu:/etc/xdg'), ('XDG_DATA_DIRS', '/usr/share/ubuntu:/usr/local/share/:/usr/share/:/var/lib/snapd/desktop'), ('PYTHONPATH', '/opt/ros/humble/lib/python3.10/site-packages:/opt/ros/humble/local/lib/python3.10/dist-packages'), ('COLCON', '1'), ('VTE_VERSION', '6800'), ('CMAKE_PREFIX_PATH', '/home/aditya/ros2_ws/install/examples_rclcpp_async_client')]), 'shell': False}
[0.190490] (examples_rclcpp_minimal_action_client) Command: {'cmd': ['/usr/bin/ctest', '-C', 'Release', '-D', 'ExperimentalTest', '--no-compress-output', '-V', '--force-new-ctest-process'], 'cwd': '/home/aditya/ros2_ws/build/examples_rclcpp_minimal_action_client', 'env': OrderedDict([('LESSOPEN', '| /usr/bin/lesspipe %s'), ('LANGUAGE', 'en_IN:en'), ('USER', 'aditya'), ('XDG_SESSION_TYPE', 'wayland'), ('SHLVL', '1'), ('LD_LIBRARY_PATH', '/opt/ros/humble/opt/rviz_ogre_vendor/lib:/opt/ros/humble/lib/x86_64-linux-gnu:/opt/ros/humble/lib'), ('HOME', '/home/aditya'), ('OLDPWD', '/home/aditya'), ('DESKTOP_SESSION', 'ubuntu'), ('ROS_PYTHON_VERSION', '3'), ('GNOME_SHELL_SESSION_MODE', 'ubuntu'), ('GTK_MODULES', 'gail:atk-bridge'), ('SYSTEMD_EXEC_PID', '2721'), ('DBUS_SESSION_BUS_ADDRESS', 'unix:path=/run/user/1000/bus'), ('COLORTERM', 'truecolor'), ('IM_CONFIG_PHASE', '1'), ('WAYLAND_DISPLAY', 'wayland-0'), ('COLCON_PREFIX_PATH', '/home/aditya/ros2_ws/install'), ('ROS_DISTRO', 'humble'), ('LOGNAME', 'aditya'), ('_', '/usr/bin/colcon'), ('ROS_VERSION', '2'), ('XDG_SESSION_CLASS', 'user'), ('USERNAME', 'aditya'), ('TERM', 'xterm-256color'), ('GNOME_DESKTOP_SESSION_ID', 'this-is-deprecated'), ('ROS_LOCALHOST_ONLY', '0'), ('PATH', '/opt/ros/humble/bin:/usr/local/sbin:/usr/local/bin:/usr/sbin:/usr/bin:/sbin:/bin:/usr/games:/usr/local/games:/snap/bin:/snap/bin'), ('SESSION_MANAGER', 'local/ubuntu22:@/tmp/.ICE-unix/2690,unix/ubuntu22:/tmp/.ICE-unix/2690'), ('XDG_MENU_PREFIX', 'gnome-'), ('GNOME_TERMINAL_SCREEN', '/org/gnome/Terminal/screen/2a0bb8c0_ef1c_4b92_954c_66af5d09eff6'), ('GNOME_SETUP_DISPLAY', ':1'), ('XDG_RUNTIME_DIR', '/run/user/1000'), ('DISPLAY', ':0'), ('LANG', 'en_US.UTF-8'), ('XDG_CURRENT_DESKTOP', 'ubuntu:GNOME'), ('XMODIFIERS', '@im=ibus'), ('XDG_SESSION_DESKTOP', 'ubuntu'), ('XAUTHORITY', '/run/user/1000/.mutter-Xwaylandauth.G940P2'), ('LS_COLORS', 'rs=0:di=01;34:ln=01;36:mh=00:pi=40;33:so=01;35:do=01;35:bd=40;33;01:cd=40;33;01:or=40;31;01:mi=00:su=37;41:sg=30;43:ca=30;41:tw=30;42:ow=34;42:st=37;44:ex=01;32:*.tar=01;31:*.tgz=01;31:*.arc=01;31:*.arj=01;31:*.taz=01;31:*.lha=01;31:*.lz4=01;31:*.lzh=01;31:*.lzma=01;31:*.tlz=01;31:*.txz=01;31:*.tzo=01;31:*.t7z=01;31:*.zip=01;31:*.z=01;31:*.dz=01;31:*.gz=01;31:*.lrz=01;31:*.lz=01;31:*.lzo=01;31:*.xz=01;31:*.zst=01;31:*.tzst=01;31:*.bz2=01;31:*.bz=01;31:*.tbz=01;31:*.tbz2=01;31:*.tz=01;31:*.deb=01;31:*.rpm=01;31:*.jar=01;31:*.war=01;31:*.ear=01;31:*.sar=01;31:*.rar=01;31:*.alz=01;31:*.ace=01;31:*.zoo=01;31:*.cpio=01;31:*.7z=01;31:*.rz=01;31:*.cab=01;31:*.wim=01;31:*.swm=01;31:*.dwm=01;31:*.esd=01;31:*.jpg=01;35:*.jpeg=01;35:*.mjpg=01;35:*.mjpeg=01;35:*.gif=01;35:*.bmp=01;35:*.pbm=01;35:*.pgm=01;35:*.ppm=01;35:*.tga=01;35:*.xbm=01;35:*.xpm=01;35:*.tif=01;35:*.tiff=01;35:*.png=01;35:*.svg=01;35:*.svgz=01;35:*.mng=01;35:*.pcx=01;35:*.mov=01;35:*.mpg=01;35:*.mpeg=01;35:*.m2v=01;35:*.mkv=01;35:*.webm=01;35:*.webp=01;35:*.ogm=01;35:*.mp4=01;35:*.m4v=01;35:*.mp4v=01;35:*.vob=01;35:*.qt=01;35:*.nuv=01;35:*.wmv=01;35:*.asf=01;35:*.rm=01;35:*.rmvb=01;35:*.flc=01;35:*.avi=01;35:*.fli=01;35:*.flv=01;35:*.gl=01;35:*.dl=01;35:*.xcf=01;35:*.xwd=01;35:*.yuv=01;35:*.cgm=01;35:*.emf=01;35:*.ogv=01;35:*.ogx=01;35:*.aac=00;36:*.au=00;36:*.flac=00;36:*.m4a=00;36:*.mid=00;36:*.midi=00;36:*.mka=00;36:*.mp3=00;36:*.mpc=00;36:*.ogg=00;36:*.ra=00;36:*.wav=00;36:*.oga=00;36:*.opus=00;36:*.spx=00;36:*.xspf=00;36:'), ('GNOME_TERMINAL_SERVICE', ':1.150'), ('SSH_AGENT_LAUNCHER', 'gnome-keyring'), ('SSH_AUTH_SOCK', '/run/user/1000/keyring/ssh'), ('AMENT_PREFIX_PATH', '/opt/ros/humble'), ('SHELL', '/bin/bash'), ('QT_ACCESSIBILITY', '1'), ('GDMSESSION', 'ubuntu'), ('LESSCLOSE', '/usr/bin/lesspipe %s %s'), ('QT_IM_MODULE', 'ibus'), ('PWD', '/home/aditya/ros2_ws/build/examples_rclcpp_minimal_action_client'), ('LC_ALL', 'en_US.UTF-8'), ('XDG_CONFIG_DIRS', '/etc/xdg/xdg-ubuntu:/etc/xdg'), ('XDG_DATA_DIRS', '/usr/share/ubuntu:/usr/local/share/:/usr/share/:/var/lib/snapd/desktop'), ('PYTHONPATH', '/opt/ros/humble/lib/python3.10/site-packages:/opt/ros/humble/local/lib/python3.10/dist-packages'), ('COLCON', '1'), ('VTE_VERSION', '6800')]), 'shell': False}
[0.197635] (-) TimerEvent: {}
[0.203892] (examples_rclcpp_async_client) StdoutLine: {'line': b'UpdateCTestConfiguration  from :/home/aditya/ros2_ws/build/examples_rclcpp_async_client/CTestConfiguration.ini\n'}
[0.204815] (examples_rclcpp_async_client) StdoutLine: {'line': b'Parse Config file:/home/aditya/ros2_ws/build/examples_rclcpp_async_client/CTestConfiguration.ini\n'}
[0.205050] (examples_rclcpp_async_client) StdoutLine: {'line': b'   Site: ubuntu22\n'}
[0.205265] (examples_rclcpp_async_client) StdoutLine: {'line': b'   Build name: (empty)\n'}
[0.205663] (examples_rclcpp_minimal_action_client) StdoutLine: {'line': b'UpdateCTestConfiguration  from :/home/aditya/ros2_ws/build/examples_rclcpp_minimal_action_client/CTestConfiguration.ini\n'}
[0.206016] (examples_rclcpp_minimal_action_client) StdoutLine: {'line': b'Parse Config file:/home/aditya/ros2_ws/build/examples_rclcpp_minimal_action_client/CTestConfiguration.ini\n'}
[0.206318] (examples_rclcpp_minimal_action_client) StdoutLine: {'line': b'   Site: ubuntu22\n'}
[0.206543] (examples_rclcpp_minimal_action_client) StdoutLine: {'line': b'   Build name: (empty)\n'}
[0.206983] (examples_rclcpp_minimal_action_client) StdoutLine: {'line': b' Add coverage exclude regular expressions.\n'}
[0.207212] (examples_rclcpp_minimal_action_client) StdoutLine: {'line': b'Create new tag: 20240627-1315 - Experimental\n'}
[0.207369] (examples_rclcpp_minimal_action_client) StdoutLine: {'line': b'UpdateCTestConfiguration  from :/home/aditya/ros2_ws/build/examples_rclcpp_minimal_action_client/CTestConfiguration.ini\n'}
[0.207524] (examples_rclcpp_minimal_action_client) StdoutLine: {'line': b'Parse Config file:/home/aditya/ros2_ws/build/examples_rclcpp_minimal_action_client/CTestConfiguration.ini\n'}
[0.207677] (examples_rclcpp_minimal_action_client) StdoutLine: {'line': b'Test project /home/aditya/ros2_ws/build/examples_rclcpp_minimal_action_client\n'}
[0.207890] (examples_rclcpp_minimal_action_client) StdoutLine: {'line': b'Constructing a list of tests\n'}
[0.208305] (examples_rclcpp_minimal_action_client) StdoutLine: {'line': b'Done constructing a list of tests\n'}
[0.208475] (examples_rclcpp_minimal_action_client) StdoutLine: {'line': b'Updating test list for fixtures\n'}
[0.208703] (examples_rclcpp_minimal_action_client) StdoutLine: {'line': b'Added 0 tests to meet fixture requirements\n'}
[0.209160] (examples_rclcpp_minimal_action_client) StdoutLine: {'line': b'Checking test dependency graph...\n'}
[0.209588] (examples_rclcpp_minimal_action_client) StdoutLine: {'line': b'Checking test dependency graph end\n'}
[0.210076] (examples_rclcpp_minimal_action_client) StdoutLine: {'line': b'test 1\n'}
[0.210282] (examples_rclcpp_minimal_action_client) StdoutLine: {'line': b'    Start 1: copyright\n'}
[0.210439] (examples_rclcpp_minimal_action_client) StdoutLine: {'line': b'\n'}
[0.210591] (examples_rclcpp_minimal_action_client) StdoutLine: {'line': b'1: Test command: /usr/bin/python3 "-u" "/opt/ros/humble/share/ament_cmake_test/cmake/run_test.py" "/home/aditya/ros2_ws/build/examples_rclcpp_minimal_action_client/test_results/examples_rclcpp_minimal_action_client/copyright.xunit.xml" "--package-name" "examples_rclcpp_minimal_action_client" "--output-file" "/home/aditya/ros2_ws/build/examples_rclcpp_minimal_action_client/ament_copyright/copyright.txt" "--command" "/opt/ros/humble/bin/ament_copyright" "--xunit-file" "/home/aditya/ros2_ws/build/examples_rclcpp_minimal_action_client/test_results/examples_rclcpp_minimal_action_client/copyright.xunit.xml"\n'}
[0.210753] (examples_rclcpp_minimal_action_client) StdoutLine: {'line': b'1: Test timeout computed to be: 200\n'}
[0.214272] (examples_rclcpp_async_client) StdoutLine: {'line': b' Add coverage exclude regular expressions.\n'}
[0.214485] (examples_rclcpp_async_client) StdoutLine: {'line': b'Create new tag: 20240627-1315 - Experimental\n'}
[0.214647] (examples_rclcpp_async_client) StdoutLine: {'line': b'UpdateCTestConfiguration  from :/home/aditya/ros2_ws/build/examples_rclcpp_async_client/CTestConfiguration.ini\n'}
[0.214806] (examples_rclcpp_async_client) StdoutLine: {'line': b'Parse Config file:/home/aditya/ros2_ws/build/examples_rclcpp_async_client/CTestConfiguration.ini\n'}
[0.215032] (examples_rclcpp_async_client) StdoutLine: {'line': b'Test project /home/aditya/ros2_ws/build/examples_rclcpp_async_client\n'}
[0.215187] (examples_rclcpp_async_client) StdoutLine: {'line': b'Constructing a list of tests\n'}
[0.215339] (examples_rclcpp_async_client) StdoutLine: {'line': b'Done constructing a list of tests\n'}
[0.215490] (examples_rclcpp_async_client) StdoutLine: {'line': b'Updating test list for fixtures\n'}
[0.215641] (examples_rclcpp_async_client) StdoutLine: {'line': b'Added 0 tests to meet fixture requirements\n'}
[0.215817] (examples_rclcpp_async_client) StdoutLine: {'line': b'Checking test dependency graph...\n'}
[0.216005] (examples_rclcpp_async_client) StdoutLine: {'line': b'Checking test dependency graph end\n'}
[0.216156] (examples_rclcpp_async_client) StdoutLine: {'line': b'test 1\n'}
[0.216308] (examples_rclcpp_async_client) StdoutLine: {'line': b'    Start 1: copyright\n'}
[0.216459] (examples_rclcpp_async_client) StdoutLine: {'line': b'\n'}
[0.216613] (examples_rclcpp_async_client) StdoutLine: {'line': b'1: Test command: /usr/bin/python3 "-u" "/opt/ros/humble/share/ament_cmake_test/cmake/run_test.py" "/home/aditya/ros2_ws/build/examples_rclcpp_async_client/test_results/examples_rclcpp_async_client/copyright.xunit.xml" "--package-name" "examples_rclcpp_async_client" "--output-file" "/home/aditya/ros2_ws/build/examples_rclcpp_async_client/ament_copyright/copyright.txt" "--command" "/opt/ros/humble/bin/ament_copyright" "--xunit-file" "/home/aditya/ros2_ws/build/examples_rclcpp_async_client/test_results/examples_rclcpp_async_client/copyright.xunit.xml"\n'}
[0.216809] (examples_rclcpp_async_client) StdoutLine: {'line': b'1: Test timeout computed to be: 200\n'}
[0.297808] (-) TimerEvent: {}
[0.380700] (examples_rclcpp_async_client) StdoutLine: {'line': b"1: -- run_test.py: invoking following command in '/home/aditya/ros2_ws/src/examples/rclcpp/services/async_client':\n"}
[0.381097] (examples_rclcpp_async_client) StdoutLine: {'line': b'1:  - /opt/ros/humble/bin/ament_copyright --xunit-file /home/aditya/ros2_ws/build/examples_rclcpp_async_client/test_results/examples_rclcpp_async_client/copyright.xunit.xml\n'}
[0.386049] (examples_rclcpp_minimal_action_client) StdoutLine: {'line': b"1: -- run_test.py: invoking following command in '/home/aditya/ros2_ws/src/examples/rclcpp/actions/minimal_action_client':\n"}
[0.386447] (examples_rclcpp_minimal_action_client) StdoutLine: {'line': b'1:  - /opt/ros/humble/bin/ament_copyright --xunit-file /home/aditya/ros2_ws/build/examples_rclcpp_minimal_action_client/test_results/examples_rclcpp_minimal_action_client/copyright.xunit.xml\n'}
[0.398043] (-) TimerEvent: {}
[0.498567] (-) TimerEvent: {}
[0.599075] (-) TimerEvent: {}
[0.699540] (-) TimerEvent: {}
[0.799981] (-) TimerEvent: {}
[0.820623] (examples_rclcpp_async_client) StdoutLine: {'line': b'1: No problems found, checked 1 files\n'}
[0.864848] (examples_rclcpp_async_client) StdoutLine: {'line': b'1: -- run_test.py: return code 0\n'}
[0.865199] (examples_rclcpp_async_client) StdoutLine: {'line': b"1: -- run_test.py: verify result file '/home/aditya/ros2_ws/build/examples_rclcpp_async_client/test_results/examples_rclcpp_async_client/copyright.xunit.xml'\n"}
[0.886211] (examples_rclcpp_async_client) StdoutLine: {'line': b'1/6 Test #1: copyright ........................   Passed    0.67 sec\n'}
[0.886615] (examples_rclcpp_async_client) StdoutLine: {'line': b'test 2\n'}
[0.886887] (examples_rclcpp_async_client) StdoutLine: {'line': b'    Start 2: cppcheck\n'}
[0.887230] (examples_rclcpp_async_client) StdoutLine: {'line': b'\n'}
[0.887519] (examples_rclcpp_async_client) StdoutLine: {'line': b'2: Test command: /usr/bin/python3 "-u" "/opt/ros/humble/share/ament_cmake_test/cmake/run_test.py" "/home/aditya/ros2_ws/build/examples_rclcpp_async_client/test_results/examples_rclcpp_async_client/cppcheck.xunit.xml" "--package-name" "examples_rclcpp_async_client" "--output-file" "/home/aditya/ros2_ws/build/examples_rclcpp_async_client/ament_cppcheck/cppcheck.txt" "--command" "/opt/ros/humble/bin/ament_cppcheck" "--xunit-file" "/home/aditya/ros2_ws/build/examples_rclcpp_async_client/test_results/examples_rclcpp_async_client/cppcheck.xunit.xml"\n'}
[0.887798] (examples_rclcpp_async_client) StdoutLine: {'line': b'2: Test timeout computed to be: 300\n'}
[0.900141] (-) TimerEvent: {}
[1.000699] (-) TimerEvent: {}
[1.057133] (examples_rclcpp_async_client) StdoutLine: {'line': b"2: -- run_test.py: invoking following command in '/home/aditya/ros2_ws/src/examples/rclcpp/services/async_client':\n"}
[1.057440] (examples_rclcpp_async_client) StdoutLine: {'line': b'2:  - /opt/ros/humble/bin/ament_cppcheck --xunit-file /home/aditya/ros2_ws/build/examples_rclcpp_async_client/test_results/examples_rclcpp_async_client/cppcheck.xunit.xml\n'}
[1.081106] (examples_rclcpp_minimal_action_client) StdoutLine: {'line': b'1: No problems found, checked 4 files\n'}
[1.100891] (-) TimerEvent: {}
[1.114634] (examples_rclcpp_minimal_action_client) StdoutLine: {'line': b'1: -- run_test.py: return code 0\n'}
[1.114990] (examples_rclcpp_minimal_action_client) StdoutLine: {'line': b"1: -- run_test.py: verify result file '/home/aditya/ros2_ws/build/examples_rclcpp_minimal_action_client/test_results/examples_rclcpp_minimal_action_client/copyright.xunit.xml'\n"}
[1.138787] (examples_rclcpp_minimal_action_client) StdoutLine: {'line': b'1/6 Test #1: copyright ........................   Passed    0.92 sec\n'}
[1.139081] (examples_rclcpp_minimal_action_client) StdoutLine: {'line': b'test 2\n'}
[1.139249] (examples_rclcpp_minimal_action_client) StdoutLine: {'line': b'    Start 2: cppcheck\n'}
[1.139469] (examples_rclcpp_minimal_action_client) StdoutLine: {'line': b'\n'}
[1.139630] (examples_rclcpp_minimal_action_client) StdoutLine: {'line': b'2: Test command: /usr/bin/python3 "-u" "/opt/ros/humble/share/ament_cmake_test/cmake/run_test.py" "/home/aditya/ros2_ws/build/examples_rclcpp_minimal_action_client/test_results/examples_rclcpp_minimal_action_client/cppcheck.xunit.xml" "--package-name" "examples_rclcpp_minimal_action_client" "--output-file" "/home/aditya/ros2_ws/build/examples_rclcpp_minimal_action_client/ament_cppcheck/cppcheck.txt" "--command" "/opt/ros/humble/bin/ament_cppcheck" "--xunit-file" "/home/aditya/ros2_ws/build/examples_rclcpp_minimal_action_client/test_results/examples_rclcpp_minimal_action_client/cppcheck.xunit.xml"\n'}
[1.139809] (examples_rclcpp_minimal_action_client) StdoutLine: {'line': b'2: Test timeout computed to be: 300\n'}
[1.201041] (-) TimerEvent: {}
[1.294231] (examples_rclcpp_minimal_action_client) StdoutLine: {'line': b"2: -- run_test.py: invoking following command in '/home/aditya/ros2_ws/src/examples/rclcpp/actions/minimal_action_client':\n"}
[1.294592] (examples_rclcpp_minimal_action_client) StdoutLine: {'line': b'2:  - /opt/ros/humble/bin/ament_cppcheck --xunit-file /home/aditya/ros2_ws/build/examples_rclcpp_minimal_action_client/test_results/examples_rclcpp_minimal_action_client/cppcheck.xunit.xml\n'}
[1.301429] (-) TimerEvent: {}
[1.358011] (examples_rclcpp_async_client) StdoutLine: {'line': b'2: cppcheck 2.7 has known performance issues and therefore will not be used, set the AMENT_CPPCHECK_ALLOW_SLOW_VERSIONS environment variable to override this.\n'}
[1.390327] (examples_rclcpp_async_client) StdoutLine: {'line': b'2: -- run_test.py: return code 0\n'}
[1.390718] (examples_rclcpp_async_client) StdoutLine: {'line': b"2: -- run_test.py: verify result file '/home/aditya/ros2_ws/build/examples_rclcpp_async_client/test_results/examples_rclcpp_async_client/cppcheck.xunit.xml'\n"}
[1.401633] (-) TimerEvent: {}
[1.407727] (examples_rclcpp_async_client) StdoutLine: {'line': b'2/6 Test #2: cppcheck .........................   Passed    0.52 sec\n'}
[1.408416] (examples_rclcpp_async_client) StdoutLine: {'line': b'test 3\n'}
[1.408750] (examples_rclcpp_async_client) StdoutLine: {'line': b'    Start 3: cpplint\n'}
[1.410344] (examples_rclcpp_async_client) StdoutLine: {'line': b'\n'}
[1.410610] (examples_rclcpp_async_client) StdoutLine: {'line': b'3: Test command: /usr/bin/python3 "-u" "/opt/ros/humble/share/ament_cmake_test/cmake/run_test.py" "/home/aditya/ros2_ws/build/examples_rclcpp_async_client/test_results/examples_rclcpp_async_client/cpplint.xunit.xml" "--package-name" "examples_rclcpp_async_client" "--output-file" "/home/aditya/ros2_ws/build/examples_rclcpp_async_client/ament_cpplint/cpplint.txt" "--command" "/opt/ros/humble/bin/ament_cpplint" "--xunit-file" "/home/aditya/ros2_ws/build/examples_rclcpp_async_client/test_results/examples_rclcpp_async_client/cpplint.xunit.xml"\n'}
[1.410927] (examples_rclcpp_async_client) StdoutLine: {'line': b'3: Test timeout computed to be: 120\n'}
[1.501823] (-) TimerEvent: {}
[1.522317] (examples_rclcpp_minimal_action_client) StdoutLine: {'line': b'2: cppcheck 2.7 has known performance issues and therefore will not be used, set the AMENT_CPPCHECK_ALLOW_SLOW_VERSIONS environment variable to override this.\n'}
[1.554229] (examples_rclcpp_minimal_action_client) StdoutLine: {'line': b'2: -- run_test.py: return code 0\n'}
[1.554550] (examples_rclcpp_minimal_action_client) StdoutLine: {'line': b"2: -- run_test.py: verify result file '/home/aditya/ros2_ws/build/examples_rclcpp_minimal_action_client/test_results/examples_rclcpp_minimal_action_client/cppcheck.xunit.xml'\n"}
[1.578949] (examples_rclcpp_minimal_action_client) StdoutLine: {'line': b'2/6 Test #2: cppcheck .........................   Passed    0.44 sec\n'}
[1.579410] (examples_rclcpp_minimal_action_client) StdoutLine: {'line': b'test 3\n'}
[1.579664] (examples_rclcpp_minimal_action_client) StdoutLine: {'line': b'    Start 3: cpplint\n'}
[1.579829] (examples_rclcpp_minimal_action_client) StdoutLine: {'line': b'\n'}
[1.579986] (examples_rclcpp_minimal_action_client) StdoutLine: {'line': b'3: Test command: /usr/bin/python3 "-u" "/opt/ros/humble/share/ament_cmake_test/cmake/run_test.py" "/home/aditya/ros2_ws/build/examples_rclcpp_minimal_action_client/test_results/examples_rclcpp_minimal_action_client/cpplint.xunit.xml" "--package-name" "examples_rclcpp_minimal_action_client" "--output-file" "/home/aditya/ros2_ws/build/examples_rclcpp_minimal_action_client/ament_cpplint/cpplint.txt" "--command" "/opt/ros/humble/bin/ament_cpplint" "--xunit-file" "/home/aditya/ros2_ws/build/examples_rclcpp_minimal_action_client/test_results/examples_rclcpp_minimal_action_client/cpplint.xunit.xml"\n'}
[1.580188] (examples_rclcpp_minimal_action_client) StdoutLine: {'line': b'3: Test timeout computed to be: 120\n'}
[1.602073] (-) TimerEvent: {}
[1.606613] (examples_rclcpp_async_client) StdoutLine: {'line': b"3: -- run_test.py: invoking following command in '/home/aditya/ros2_ws/src/examples/rclcpp/services/async_client':\n"}
[1.606931] (examples_rclcpp_async_client) StdoutLine: {'line': b'3:  - /opt/ros/humble/bin/ament_cpplint --xunit-file /home/aditya/ros2_ws/build/examples_rclcpp_async_client/test_results/examples_rclcpp_async_client/cpplint.xunit.xml\n'}
[1.702566] (-) TimerEvent: {}
[1.748443] (examples_rclcpp_minimal_action_client) StdoutLine: {'line': b"3: -- run_test.py: invoking following command in '/home/aditya/ros2_ws/src/examples/rclcpp/actions/minimal_action_client':\n"}
[1.748918] (examples_rclcpp_minimal_action_client) StdoutLine: {'line': b'3:  - /opt/ros/humble/bin/ament_cpplint --xunit-file /home/aditya/ros2_ws/build/examples_rclcpp_minimal_action_client/test_results/examples_rclcpp_minimal_action_client/cpplint.xunit.xml\n'}
[1.802729] (-) TimerEvent: {}
[1.903393] (-) TimerEvent: {}
[2.004207] (-) TimerEvent: {}
[2.105800] (-) TimerEvent: {}
[2.206701] (-) TimerEvent: {}
[2.227386] (examples_rclcpp_async_client) StdoutLine: {'line': b"3: Using '--root=..' argument\n"}
[2.227765] (examples_rclcpp_async_client) StdoutLine: {'line': b'3: \n'}
[2.227996] (examples_rclcpp_async_client) StdoutLine: {'line': b'3: Done processing /home/aditya/ros2_ws/src/examples/rclcpp/services/async_client/main.cpp\n'}
[2.228214] (examples_rclcpp_async_client) StdoutLine: {'line': b'3: \n'}
[2.228430] (examples_rclcpp_async_client) StdoutLine: {'line': b'3: No problems found\n'}
[2.280444] (examples_rclcpp_async_client) StdoutLine: {'line': b'3: -- run_test.py: return code 0\n'}
[2.280793] (examples_rclcpp_async_client) StdoutLine: {'line': b"3: -- run_test.py: verify result file '/home/aditya/ros2_ws/build/examples_rclcpp_async_client/test_results/examples_rclcpp_async_client/cpplint.xunit.xml'\n"}
[2.299280] (examples_rclcpp_async_client) StdoutLine: {'line': b'3/6 Test #3: cpplint ..........................   Passed    0.89 sec\n'}
[2.299802] (examples_rclcpp_async_client) StdoutLine: {'line': b'test 4\n'}
[2.300038] (examples_rclcpp_async_client) StdoutLine: {'line': b'    Start 4: lint_cmake\n'}
[2.301542] (examples_rclcpp_async_client) StdoutLine: {'line': b'\n'}
[2.301907] (examples_rclcpp_async_client) StdoutLine: {'line': b'4: Test command: /usr/bin/python3 "-u" "/opt/ros/humble/share/ament_cmake_test/cmake/run_test.py" "/home/aditya/ros2_ws/build/examples_rclcpp_async_client/test_results/examples_rclcpp_async_client/lint_cmake.xunit.xml" "--package-name" "examples_rclcpp_async_client" "--output-file" "/home/aditya/ros2_ws/build/examples_rclcpp_async_client/ament_lint_cmake/lint_cmake.txt" "--command" "/opt/ros/humble/bin/ament_lint_cmake" "--xunit-file" "/home/aditya/ros2_ws/build/examples_rclcpp_async_client/test_results/examples_rclcpp_async_client/lint_cmake.xunit.xml"\n'}
[2.302165] (examples_rclcpp_async_client) StdoutLine: {'line': b'4: Test timeout computed to be: 60\n'}
[2.306918] (-) TimerEvent: {}
[2.407520] (-) TimerEvent: {}
[2.462531] (examples_rclcpp_minimal_action_client) StdoutLine: {'line': b"3: Using '--root=..' argument\n"}
[2.462876] (examples_rclcpp_minimal_action_client) StdoutLine: {'line': b'3: \n'}
[2.463052] (examples_rclcpp_minimal_action_client) StdoutLine: {'line': b'3: Done processing /home/aditya/ros2_ws/src/examples/rclcpp/actions/minimal_action_client/member_functions.cpp\n'}
[2.463212] (examples_rclcpp_minimal_action_client) StdoutLine: {'line': b'3: \n'}
[2.463415] (examples_rclcpp_minimal_action_client) StdoutLine: {'line': b'3: Done processing /home/aditya/ros2_ws/src/examples/rclcpp/actions/minimal_action_client/not_composable.cpp\n'}
[2.463592] (examples_rclcpp_minimal_action_client) StdoutLine: {'line': b'3: \n'}
[2.463805] (examples_rclcpp_minimal_action_client) StdoutLine: {'line': b'3: Done processing /home/aditya/ros2_ws/src/examples/rclcpp/actions/minimal_action_client/not_composable_with_cancel.cpp\n'}
[2.463966] (examples_rclcpp_minimal_action_client) StdoutLine: {'line': b'3: \n'}
[2.464116] (examples_rclcpp_minimal_action_client) StdoutLine: {'line': b'3: Done processing /home/aditya/ros2_ws/src/examples/rclcpp/actions/minimal_action_client/not_composable_with_feedback.cpp\n'}
[2.464673] (examples_rclcpp_minimal_action_client) StdoutLine: {'line': b'3: \n'}
[2.465144] (examples_rclcpp_minimal_action_client) StdoutLine: {'line': b'3: No problems found\n'}
[2.494367] (examples_rclcpp_minimal_action_client) StdoutLine: {'line': b'3: -- run_test.py: return code 0\n'}
[2.494830] (examples_rclcpp_minimal_action_client) StdoutLine: {'line': b"3: -- run_test.py: verify result file '/home/aditya/ros2_ws/build/examples_rclcpp_minimal_action_client/test_results/examples_rclcpp_minimal_action_client/cpplint.xunit.xml'\n"}
[2.508766] (-) TimerEvent: {}
[2.514591] (examples_rclcpp_minimal_action_client) StdoutLine: {'line': b'3/6 Test #3: cpplint ..........................   Passed    0.93 sec\n'}
[2.514839] (examples_rclcpp_minimal_action_client) StdoutLine: {'line': b'test 4\n'}
[2.514949] (examples_rclcpp_minimal_action_client) StdoutLine: {'line': b'    Start 4: lint_cmake\n'}
[2.515138] (examples_rclcpp_minimal_action_client) StdoutLine: {'line': b'\n'}
[2.515248] (examples_rclcpp_minimal_action_client) StdoutLine: {'line': b'4: Test command: /usr/bin/python3 "-u" "/opt/ros/humble/share/ament_cmake_test/cmake/run_test.py" "/home/aditya/ros2_ws/build/examples_rclcpp_minimal_action_client/test_results/examples_rclcpp_minimal_action_client/lint_cmake.xunit.xml" "--package-name" "examples_rclcpp_minimal_action_client" "--output-file" "/home/aditya/ros2_ws/build/examples_rclcpp_minimal_action_client/ament_lint_cmake/lint_cmake.txt" "--command" "/opt/ros/humble/bin/ament_lint_cmake" "--xunit-file" "/home/aditya/ros2_ws/build/examples_rclcpp_minimal_action_client/test_results/examples_rclcpp_minimal_action_client/lint_cmake.xunit.xml"\n'}
[2.515350] (examples_rclcpp_minimal_action_client) StdoutLine: {'line': b'4: Test timeout computed to be: 60\n'}
[2.517995] (examples_rclcpp_async_client) StdoutLine: {'line': b"4: -- run_test.py: invoking following command in '/home/aditya/ros2_ws/src/examples/rclcpp/services/async_client':\n"}
[2.518278] (examples_rclcpp_async_client) StdoutLine: {'line': b'4:  - /opt/ros/humble/bin/ament_lint_cmake --xunit-file /home/aditya/ros2_ws/build/examples_rclcpp_async_client/test_results/examples_rclcpp_async_client/lint_cmake.xunit.xml\n'}
[2.608970] (-) TimerEvent: {}
[2.697639] (examples_rclcpp_minimal_action_client) StdoutLine: {'line': b"4: -- run_test.py: invoking following command in '/home/aditya/ros2_ws/src/examples/rclcpp/actions/minimal_action_client':\n"}
[2.698169] (examples_rclcpp_minimal_action_client) StdoutLine: {'line': b'4:  - /opt/ros/humble/bin/ament_lint_cmake --xunit-file /home/aditya/ros2_ws/build/examples_rclcpp_minimal_action_client/test_results/examples_rclcpp_minimal_action_client/lint_cmake.xunit.xml\n'}
[2.709356] (-) TimerEvent: {}
[2.748478] (examples_rclcpp_async_client) StdoutLine: {'line': b'4: \n'}
[2.748810] (examples_rclcpp_async_client) StdoutLine: {'line': b'4: No problems found\n'}
[2.790258] (examples_rclcpp_async_client) StdoutLine: {'line': b'4: -- run_test.py: return code 0\n'}
[2.790590] (examples_rclcpp_async_client) StdoutLine: {'line': b"4: -- run_test.py: verify result file '/home/aditya/ros2_ws/build/examples_rclcpp_async_client/test_results/examples_rclcpp_async_client/lint_cmake.xunit.xml'\n"}
[2.809962] (examples_rclcpp_async_client) StdoutLine: {'line': b'4/6 Test #4: lint_cmake .......................   Passed    0.51 sec\n'}
[2.810272] (-) TimerEvent: {}
[2.810530] (examples_rclcpp_async_client) StdoutLine: {'line': b'test 5\n'}
[2.810722] (examples_rclcpp_async_client) StdoutLine: {'line': b'    Start 5: uncrustify\n'}
[2.810880] (examples_rclcpp_async_client) StdoutLine: {'line': b'\n'}
[2.811051] (examples_rclcpp_async_client) StdoutLine: {'line': b'5: Test command: /usr/bin/python3 "-u" "/opt/ros/humble/share/ament_cmake_test/cmake/run_test.py" "/home/aditya/ros2_ws/build/examples_rclcpp_async_client/test_results/examples_rclcpp_async_client/uncrustify.xunit.xml" "--package-name" "examples_rclcpp_async_client" "--output-file" "/home/aditya/ros2_ws/build/examples_rclcpp_async_client/ament_uncrustify/uncrustify.txt" "--command" "/opt/ros/humble/bin/ament_uncrustify" "--xunit-file" "/home/aditya/ros2_ws/build/examples_rclcpp_async_client/test_results/examples_rclcpp_async_client/uncrustify.xunit.xml"\n'}
[2.811292] (examples_rclcpp_async_client) StdoutLine: {'line': b'5: Test timeout computed to be: 60\n'}
[2.911210] (-) TimerEvent: {}
[2.923043] (examples_rclcpp_minimal_action_client) StdoutLine: {'line': b'4: \n'}
[2.923334] (examples_rclcpp_minimal_action_client) StdoutLine: {'line': b'4: No problems found\n'}
[2.970147] (examples_rclcpp_minimal_action_client) StdoutLine: {'line': b'4: -- run_test.py: return code 0\n'}
[2.970492] (examples_rclcpp_minimal_action_client) StdoutLine: {'line': b"4: -- run_test.py: verify result file '/home/aditya/ros2_ws/build/examples_rclcpp_minimal_action_client/test_results/examples_rclcpp_minimal_action_client/lint_cmake.xunit.xml'\n"}
[2.985411] (examples_rclcpp_minimal_action_client) StdoutLine: {'line': b'4/6 Test #4: lint_cmake .......................   Passed    0.47 sec\n'}
[2.986076] (examples_rclcpp_minimal_action_client) StdoutLine: {'line': b'test 5\n'}
[2.986358] (examples_rclcpp_minimal_action_client) StdoutLine: {'line': b'    Start 5: uncrustify\n'}
[2.986584] (examples_rclcpp_minimal_action_client) StdoutLine: {'line': b'\n'}
[2.986818] (examples_rclcpp_minimal_action_client) StdoutLine: {'line': b'5: Test command: /usr/bin/python3 "-u" "/opt/ros/humble/share/ament_cmake_test/cmake/run_test.py" "/home/aditya/ros2_ws/build/examples_rclcpp_minimal_action_client/test_results/examples_rclcpp_minimal_action_client/uncrustify.xunit.xml" "--package-name" "examples_rclcpp_minimal_action_client" "--output-file" "/home/aditya/ros2_ws/build/examples_rclcpp_minimal_action_client/ament_uncrustify/uncrustify.txt" "--command" "/opt/ros/humble/bin/ament_uncrustify" "--xunit-file" "/home/aditya/ros2_ws/build/examples_rclcpp_minimal_action_client/test_results/examples_rclcpp_minimal_action_client/uncrustify.xunit.xml"\n'}
[2.987114] (examples_rclcpp_minimal_action_client) StdoutLine: {'line': b'5: Test timeout computed to be: 60\n'}
[3.006160] (examples_rclcpp_async_client) StdoutLine: {'line': b"5: -- run_test.py: invoking following command in '/home/aditya/ros2_ws/src/examples/rclcpp/services/async_client':\n"}
[3.006689] (examples_rclcpp_async_client) StdoutLine: {'line': b'5:  - /opt/ros/humble/bin/ament_uncrustify --xunit-file /home/aditya/ros2_ws/build/examples_rclcpp_async_client/test_results/examples_rclcpp_async_client/uncrustify.xunit.xml\n'}
[3.011325] (-) TimerEvent: {}
[3.111893] (-) TimerEvent: {}
[3.144855] (examples_rclcpp_minimal_action_client) StdoutLine: {'line': b"5: -- run_test.py: invoking following command in '/home/aditya/ros2_ws/src/examples/rclcpp/actions/minimal_action_client':\n"}
[3.145180] (examples_rclcpp_minimal_action_client) StdoutLine: {'line': b'5:  - /opt/ros/humble/bin/ament_uncrustify --xunit-file /home/aditya/ros2_ws/build/examples_rclcpp_minimal_action_client/test_results/examples_rclcpp_minimal_action_client/uncrustify.xunit.xml\n'}
[3.212093] (-) TimerEvent: {}
[3.293688] (examples_rclcpp_async_client) StdoutLine: {'line': b"5: No code style divergence in file 'main.cpp'\n"}
[3.294179] (examples_rclcpp_async_client) StdoutLine: {'line': b'5: \n'}
[3.294487] (examples_rclcpp_async_client) StdoutLine: {'line': b'5: No problems found\n'}
[3.312283] (-) TimerEvent: {}
[3.325996] (examples_rclcpp_async_client) StdoutLine: {'line': b'5: -- run_test.py: return code 0\n'}
[3.326284] (examples_rclcpp_async_client) StdoutLine: {'line': b"5: -- run_test.py: verify result file '/home/aditya/ros2_ws/build/examples_rclcpp_async_client/test_results/examples_rclcpp_async_client/uncrustify.xunit.xml'\n"}
[3.357972] (examples_rclcpp_async_client) StdoutLine: {'line': b'5/6 Test #5: uncrustify .......................   Passed    0.55 sec\n'}
[3.358258] (examples_rclcpp_async_client) StdoutLine: {'line': b'test 6\n'}
[3.358423] (examples_rclcpp_async_client) StdoutLine: {'line': b'    Start 6: xmllint\n'}
[3.358596] (examples_rclcpp_async_client) StdoutLine: {'line': b'\n'}
[3.358825] (examples_rclcpp_async_client) StdoutLine: {'line': b'6: Test command: /usr/bin/python3 "-u" "/opt/ros/humble/share/ament_cmake_test/cmake/run_test.py" "/home/aditya/ros2_ws/build/examples_rclcpp_async_client/test_results/examples_rclcpp_async_client/xmllint.xunit.xml" "--package-name" "examples_rclcpp_async_client" "--output-file" "/home/aditya/ros2_ws/build/examples_rclcpp_async_client/ament_xmllint/xmllint.txt" "--command" "/opt/ros/humble/bin/ament_xmllint" "--xunit-file" "/home/aditya/ros2_ws/build/examples_rclcpp_async_client/test_results/examples_rclcpp_async_client/xmllint.xunit.xml"\n'}
[3.359028] (examples_rclcpp_async_client) StdoutLine: {'line': b'6: Test timeout computed to be: 60\n'}
[3.386469] (examples_rclcpp_minimal_action_client) StdoutLine: {'line': b"5: No code style divergence in file 'member_functions.cpp'\n"}
[3.386755] (examples_rclcpp_minimal_action_client) StdoutLine: {'line': b'5: \n'}
[3.386926] (examples_rclcpp_minimal_action_client) StdoutLine: {'line': b"5: No code style divergence in file 'not_composable.cpp'\n"}
[3.387150] (examples_rclcpp_minimal_action_client) StdoutLine: {'line': b'5: \n'}
[3.387313] (examples_rclcpp_minimal_action_client) StdoutLine: {'line': b"5: No code style divergence in file 'not_composable_with_cancel.cpp'\n"}
[3.387469] (examples_rclcpp_minimal_action_client) StdoutLine: {'line': b'5: \n'}
[3.387623] (examples_rclcpp_minimal_action_client) StdoutLine: {'line': b"5: No code style divergence in file 'not_composable_with_feedback.cpp'\n"}
[3.387786] (examples_rclcpp_minimal_action_client) StdoutLine: {'line': b'5: \n'}
[3.387941] (examples_rclcpp_minimal_action_client) StdoutLine: {'line': b'5: No problems found\n'}
[3.412514] (-) TimerEvent: {}
[3.420520] (examples_rclcpp_minimal_action_client) StdoutLine: {'line': b'5: -- run_test.py: return code 0\n'}
[3.420872] (examples_rclcpp_minimal_action_client) StdoutLine: {'line': b"5: -- run_test.py: verify result file '/home/aditya/ros2_ws/build/examples_rclcpp_minimal_action_client/test_results/examples_rclcpp_minimal_action_client/uncrustify.xunit.xml'\n"}
[3.442743] (examples_rclcpp_minimal_action_client) StdoutLine: {'line': b'5/6 Test #5: uncrustify .......................   Passed    0.46 sec\n'}
[3.443138] (examples_rclcpp_minimal_action_client) StdoutLine: {'line': b'test 6\n'}
[3.443383] (examples_rclcpp_minimal_action_client) StdoutLine: {'line': b'    Start 6: xmllint\n'}
[3.443639] (examples_rclcpp_minimal_action_client) StdoutLine: {'line': b'\n'}
[3.443896] (examples_rclcpp_minimal_action_client) StdoutLine: {'line': b'6: Test command: /usr/bin/python3 "-u" "/opt/ros/humble/share/ament_cmake_test/cmake/run_test.py" "/home/aditya/ros2_ws/build/examples_rclcpp_minimal_action_client/test_results/examples_rclcpp_minimal_action_client/xmllint.xunit.xml" "--package-name" "examples_rclcpp_minimal_action_client" "--output-file" "/home/aditya/ros2_ws/build/examples_rclcpp_minimal_action_client/ament_xmllint/xmllint.txt" "--command" "/opt/ros/humble/bin/ament_xmllint" "--xunit-file" "/home/aditya/ros2_ws/build/examples_rclcpp_minimal_action_client/test_results/examples_rclcpp_minimal_action_client/xmllint.xunit.xml"\n'}
[3.444143] (examples_rclcpp_minimal_action_client) StdoutLine: {'line': b'6: Test timeout computed to be: 60\n'}
[3.512727] (-) TimerEvent: {}
[3.566316] (examples_rclcpp_async_client) StdoutLine: {'line': b"6: -- run_test.py: invoking following command in '/home/aditya/ros2_ws/src/examples/rclcpp/services/async_client':\n"}
[3.566647] (examples_rclcpp_async_client) StdoutLine: {'line': b'6:  - /opt/ros/humble/bin/ament_xmllint --xunit-file /home/aditya/ros2_ws/build/examples_rclcpp_async_client/test_results/examples_rclcpp_async_client/xmllint.xunit.xml\n'}
[3.610395] (examples_rclcpp_minimal_action_client) StdoutLine: {'line': b"6: -- run_test.py: invoking following command in '/home/aditya/ros2_ws/src/examples/rclcpp/actions/minimal_action_client':\n"}
[3.610725] (examples_rclcpp_minimal_action_client) StdoutLine: {'line': b'6:  - /opt/ros/humble/bin/ament_xmllint --xunit-file /home/aditya/ros2_ws/build/examples_rclcpp_minimal_action_client/test_results/examples_rclcpp_minimal_action_client/xmllint.xunit.xml\n'}
[3.612907] (-) TimerEvent: {}
[3.714630] (-) TimerEvent: {}
[3.815134] (-) TimerEvent: {}
[3.920861] (-) TimerEvent: {}
[4.029170] (-) TimerEvent: {}
[4.130808] (-) TimerEvent: {}
[4.232320] (-) TimerEvent: {}
[4.337459] (-) TimerEvent: {}
[4.439532] (-) TimerEvent: {}
[4.605232] (-) TimerEvent: {}
[4.711754] (-) TimerEvent: {}
[4.818460] (-) TimerEvent: {}
[4.919435] (-) TimerEvent: {}
[5.030318] (-) TimerEvent: {}
[5.131004] (-) TimerEvent: {}
[5.250532] (-) TimerEvent: {}
[5.351764] (-) TimerEvent: {}
[5.494875] (-) TimerEvent: {}
[5.613609] (-) TimerEvent: {}
[5.715774] (-) TimerEvent: {}
[5.825068] (-) TimerEvent: {}
[5.946962] (-) TimerEvent: {}
[6.046257] (examples_rclcpp_minimal_action_client) StdoutLine: {'line': b"6: File 'package.xml' is valid\n"}
[6.046601] (examples_rclcpp_minimal_action_client) StdoutLine: {'line': b'6: \n'}
[6.046777] (examples_rclcpp_minimal_action_client) StdoutLine: {'line': b'6: No problems found\n'}
[6.047610] (-) TimerEvent: {}
[6.101219] (examples_rclcpp_minimal_action_client) StdoutLine: {'line': b'6: -- run_test.py: return code 0\n'}
[6.101543] (examples_rclcpp_minimal_action_client) StdoutLine: {'line': b"6: -- run_test.py: verify result file '/home/aditya/ros2_ws/build/examples_rclcpp_minimal_action_client/test_results/examples_rclcpp_minimal_action_client/xmllint.xunit.xml'\n"}
[6.101717] (examples_rclcpp_async_client) StdoutLine: {'line': b"6: File 'package.xml' is valid\n"}
[6.102230] (examples_rclcpp_async_client) StdoutLine: {'line': b'6: \n'}
[6.104118] (examples_rclcpp_async_client) StdoutLine: {'line': b'6: No problems found\n'}
[6.120396] (examples_rclcpp_minimal_action_client) StdoutLine: {'line': b'6/6 Test #6: xmllint ..........................   Passed    2.68 sec\n'}
[6.122941] (examples_rclcpp_minimal_action_client) StdoutLine: {'line': b'\n'}
[6.123207] (examples_rclcpp_minimal_action_client) StdoutLine: {'line': b'\x1b[0;32m100% tests passed\x1b[0;0m, 0 tests failed\x1b[0;0m out of 6\n'}
[6.123374] (examples_rclcpp_minimal_action_client) StdoutLine: {'line': b'\n'}
[6.123530] (examples_rclcpp_minimal_action_client) StdoutLine: {'line': b'Label Time Summary:\n'}
[6.123766] (examples_rclcpp_minimal_action_client) StdoutLine: {'line': b'copyright     =   0.92 sec*proc (1 test)\n'}
[6.123963] (examples_rclcpp_minimal_action_client) StdoutLine: {'line': b'cppcheck      =   0.44 sec*proc (1 test)\n'}
[6.124118] (examples_rclcpp_minimal_action_client) StdoutLine: {'line': b'cpplint       =   0.93 sec*proc (1 test)\n'}
[6.124280] (examples_rclcpp_minimal_action_client) StdoutLine: {'line': b'lint_cmake    =   0.47 sec*proc (1 test)\n'}
[6.124485] (examples_rclcpp_minimal_action_client) StdoutLine: {'line': b'linter        =   5.91 sec*proc (6 tests)\n'}
[6.124702] (examples_rclcpp_minimal_action_client) StdoutLine: {'line': b'uncrustify    =   0.46 sec*proc (1 test)\n'}
[6.124857] (examples_rclcpp_minimal_action_client) StdoutLine: {'line': b'xmllint       =   2.68 sec*proc (1 test)\n'}
[6.125008] (examples_rclcpp_minimal_action_client) StdoutLine: {'line': b'\n'}
[6.125157] (examples_rclcpp_minimal_action_client) StdoutLine: {'line': b'Total Test time (real) =   5.92 sec\n'}
[6.131606] (examples_rclcpp_minimal_action_client) CommandEnded: {'returncode': 0}
[6.132477] (examples_rclcpp_minimal_action_client) JobEnded: {'identifier': 'examples_rclcpp_minimal_action_client', 'rc': 0}
[6.134130] (examples_rclcpp_minimal_action_server) JobStarted: {'identifier': 'examples_rclcpp_minimal_action_server'}
[6.134498] (examples_rclcpp_async_client) StdoutLine: {'line': b'6: -- run_test.py: return code 0\n'}
[6.135219] (examples_rclcpp_async_client) StdoutLine: {'line': b"6: -- run_test.py: verify result file '/home/aditya/ros2_ws/build/examples_rclcpp_async_client/test_results/examples_rclcpp_async_client/xmllint.xunit.xml'\n"}
[6.142221] (examples_rclcpp_minimal_action_server) StderrLine: {'line': b'Traceback (most recent call last):\n  File "/usr/lib/python3/dist-packages/colcon_core/executor/__init__.py", line 91, in __call__\n    rc = await self.task(*args, **kwargs)\n  File "/usr/lib/python3/dist-packages/colcon_core/task/__init__.py", line 93, in __call__\n    return await task_method(*args, **kwargs)\n  File "/usr/lib/python3/dist-packages/colcon_ros/task/ament_cmake/test.py", line 29, in test\n    return await extension.test()\n  File "/usr/lib/python3/dist-packages/colcon_cmake/task/cmake/test.py", line 45, in test\n    assert os.path.exists(args.build_base), \\\nAssertionError: Has this package been built before?\n'}
[6.143208] (examples_rclcpp_minimal_action_server) JobEnded: {'identifier': 'examples_rclcpp_minimal_action_server', 'rc': 1}
[6.148670] (-) TimerEvent: {}
[6.148908] (examples_rclcpp_minimal_client) JobStarted: {'identifier': 'examples_rclcpp_minimal_client'}
[6.149420] (examples_rclcpp_minimal_client) StderrLine: {'line': b'Traceback (most recent call last):\n  File "/usr/lib/python3/dist-packages/colcon_core/executor/__init__.py", line 91, in __call__\n    rc = await self.task(*args, **kwargs)\n  File "/usr/lib/python3/dist-packages/colcon_core/task/__init__.py", line 93, in __call__\n    return await task_method(*args, **kwargs)\n  File "/usr/lib/python3/dist-packages/colcon_ros/task/ament_cmake/test.py", line 29, in test\n    return await extension.test()\n  File "/usr/lib/python3/dist-packages/colcon_cmake/task/cmake/test.py", line 45, in test\n    assert os.path.exists(args.build_base), \\\nAssertionError: Has this package been built before?\n'}
[6.150514] (examples_rclcpp_minimal_client) JobEnded: {'identifier': 'examples_rclcpp_minimal_client', 'rc': 1}
[6.154679] (examples_rclcpp_minimal_composition) JobStarted: {'identifier': 'examples_rclcpp_minimal_composition'}
[6.154954] (examples_rclcpp_minimal_composition) StderrLine: {'line': b'Traceback (most recent call last):\n  File "/usr/lib/python3/dist-packages/colcon_core/executor/__init__.py", line 91, in __call__\n    rc = await self.task(*args, **kwargs)\n  File "/usr/lib/python3/dist-packages/colcon_core/task/__init__.py", line 93, in __call__\n    return await task_method(*args, **kwargs)\n  File "/usr/lib/python3/dist-packages/colcon_ros/task/ament_cmake/test.py", line 29, in test\n    return await extension.test()\n  File "/usr/lib/python3/dist-packages/colcon_cmake/task/cmake/test.py", line 45, in test\n    assert os.path.exists(args.build_base), \\\nAssertionError: Has this package been built before?\n'}
[6.157345] (examples_rclcpp_minimal_composition) JobEnded: {'identifier': 'examples_rclcpp_minimal_composition', 'rc': 1}
[6.179131] (examples_rclcpp_minimal_publisher) JobStarted: {'identifier': 'examples_rclcpp_minimal_publisher'}
[6.179330] (examples_rclcpp_minimal_publisher) StderrLine: {'line': b'Traceback (most recent call last):\n  File "/usr/lib/python3/dist-packages/colcon_core/executor/__init__.py", line 91, in __call__\n    rc = await self.task(*args, **kwargs)\n  File "/usr/lib/python3/dist-packages/colcon_core/task/__init__.py", line 93, in __call__\n    return await task_method(*args, **kwargs)\n  File "/usr/lib/python3/dist-packages/colcon_ros/task/ament_cmake/test.py", line 29, in test\n    return await extension.test()\n  File "/usr/lib/python3/dist-packages/colcon_cmake/task/cmake/test.py", line 45, in test\n    assert os.path.exists(args.build_base), \\\nAssertionError: Has this package been built before?\n'}
[6.180018] (examples_rclcpp_minimal_publisher) JobEnded: {'identifier': 'examples_rclcpp_minimal_publisher', 'rc': 1}
[6.180790] (examples_rclcpp_minimal_service) JobStarted: {'identifier': 'examples_rclcpp_minimal_service'}
[6.180923] (examples_rclcpp_minimal_service) StderrLine: {'line': b'Traceback (most recent call last):\n  File "/usr/lib/python3/dist-packages/colcon_core/executor/__init__.py", line 91, in __call__\n    rc = await self.task(*args, **kwargs)\n  File "/usr/lib/python3/dist-packages/colcon_core/task/__init__.py", line 93, in __call__\n    return await task_method(*args, **kwargs)\n  File "/usr/lib/python3/dist-packages/colcon_ros/task/ament_cmake/test.py", line 29, in test\n    return await extension.test()\n  File "/usr/lib/python3/dist-packages/colcon_cmake/task/cmake/test.py", line 45, in test\n    assert os.path.exists(args.build_base), \\\nAssertionError: Has this package been built before?\n'}
[6.181643] (examples_rclcpp_minimal_service) JobEnded: {'identifier': 'examples_rclcpp_minimal_service', 'rc': 1}
[6.190419] (examples_rclcpp_minimal_subscriber) JobStarted: {'identifier': 'examples_rclcpp_minimal_subscriber'}
[6.190736] (examples_rclcpp_minimal_subscriber) StderrLine: {'line': b'Traceback (most recent call last):\n  File "/usr/lib/python3/dist-packages/colcon_core/executor/__init__.py", line 91, in __call__\n    rc = await self.task(*args, **kwargs)\n  File "/usr/lib/python3/dist-packages/colcon_core/task/__init__.py", line 93, in __call__\n    return await task_method(*args, **kwargs)\n  File "/usr/lib/python3/dist-packages/colcon_ros/task/ament_cmake/test.py", line 29, in test\n    return await extension.test()\n  File "/usr/lib/python3/dist-packages/colcon_cmake/task/cmake/test.py", line 45, in test\n    assert os.path.exists(args.build_base), \\\nAssertionError: Has this package been built before?\n'}
[6.199428] (examples_rclcpp_minimal_subscriber) JobEnded: {'identifier': 'examples_rclcpp_minimal_subscriber', 'rc': 1}
[6.201894] (examples_rclcpp_minimal_timer) JobStarted: {'identifier': 'examples_rclcpp_minimal_timer'}
[6.202343] (examples_rclcpp_minimal_timer) StderrLine: {'line': b'Traceback (most recent call last):\n  File "/usr/lib/python3/dist-packages/colcon_core/executor/__init__.py", line 91, in __call__\n    rc = await self.task(*args, **kwargs)\n  File "/usr/lib/python3/dist-packages/colcon_core/task/__init__.py", line 93, in __call__\n    return await task_method(*args, **kwargs)\n  File "/usr/lib/python3/dist-packages/colcon_ros/task/ament_cmake/test.py", line 29, in test\n    return await extension.test()\n  File "/usr/lib/python3/dist-packages/colcon_cmake/task/cmake/test.py", line 45, in test\n    assert os.path.exists(args.build_base), \\\nAssertionError: Has this package been built before?\n'}
[6.204061] (examples_rclcpp_minimal_timer) JobEnded: {'identifier': 'examples_rclcpp_minimal_timer', 'rc': 1}
[6.205068] (examples_rclcpp_multithreaded_executor) JobStarted: {'identifier': 'examples_rclcpp_multithreaded_executor'}
[6.205265] (examples_rclcpp_multithreaded_executor) StderrLine: {'line': b'Traceback (most recent call last):\n  File "/usr/lib/python3/dist-packages/colcon_core/executor/__init__.py", line 91, in __call__\n    rc = await self.task(*args, **kwargs)\n  File "/usr/lib/python3/dist-packages/colcon_core/task/__init__.py", line 93, in __call__\n    return await task_method(*args, **kwargs)\n  File "/usr/lib/python3/dist-packages/colcon_ros/task/ament_cmake/test.py", line 29, in test\n    return await extension.test()\n  File "/usr/lib/python3/dist-packages/colcon_cmake/task/cmake/test.py", line 45, in test\n    assert os.path.exists(args.build_base), \\\nAssertionError: Has this package been built before?\n'}
[6.209769] (examples_rclcpp_multithreaded_executor) JobEnded: {'identifier': 'examples_rclcpp_multithreaded_executor', 'rc': 1}
[6.215681] (examples_rclcpp_wait_set) JobStarted: {'identifier': 'examples_rclcpp_wait_set'}
[6.215820] (examples_rclcpp_wait_set) StderrLine: {'line': b'Traceback (most recent call last):\n  File "/usr/lib/python3/dist-packages/colcon_core/executor/__init__.py", line 91, in __call__\n    rc = await self.task(*args, **kwargs)\n  File "/usr/lib/python3/dist-packages/colcon_core/task/__init__.py", line 93, in __call__\n    return await task_method(*args, **kwargs)\n  File "/usr/lib/python3/dist-packages/colcon_ros/task/ament_cmake/test.py", line 29, in test\n    return await extension.test()\n  File "/usr/lib/python3/dist-packages/colcon_cmake/task/cmake/test.py", line 45, in test\n    assert os.path.exists(args.build_base), \\\nAssertionError: Has this package been built before?\n'}
[6.230722] (examples_rclcpp_wait_set) JobEnded: {'identifier': 'examples_rclcpp_wait_set', 'rc': 1}
[6.232365] (examples_rclpy_executors) JobStarted: {'identifier': 'examples_rclpy_executors'}
[6.232513] (examples_rclcpp_async_client) StdoutLine: {'line': b'6/6 Test #6: xmllint ..........................   Passed    2.82 sec\n'}
[6.232744] (examples_rclcpp_async_client) StdoutLine: {'line': b'\n'}
[6.234445] (examples_rclcpp_async_client) StdoutLine: {'line': b'\x1b[0;32m100% tests passed\x1b[0;0m, 0 tests failed\x1b[0;0m out of 6\n'}
[6.234657] (examples_rclcpp_async_client) StdoutLine: {'line': b'\n'}
[6.234851] (examples_rclcpp_async_client) StdoutLine: {'line': b'Label Time Summary:\n'}
[6.235029] (examples_rclcpp_async_client) StdoutLine: {'line': b'copyright     =   0.67 sec*proc (1 test)\n'}
[6.235187] (examples_rclcpp_async_client) StdoutLine: {'line': b'cppcheck      =   0.52 sec*proc (1 test)\n'}
[6.235342] (examples_rclcpp_async_client) StdoutLine: {'line': b'cpplint       =   0.89 sec*proc (1 test)\n'}
[6.235494] (examples_rclcpp_async_client) StdoutLine: {'line': b'lint_cmake    =   0.51 sec*proc (1 test)\n'}
[6.235645] (examples_rclcpp_async_client) StdoutLine: {'line': b'linter        =   5.96 sec*proc (6 tests)\n'}
[6.235849] (examples_rclcpp_async_client) StdoutLine: {'line': b'uncrustify    =   0.55 sec*proc (1 test)\n'}
[6.236817] (examples_rclcpp_async_client) StdoutLine: {'line': b'xmllint       =   2.82 sec*proc (1 test)\n'}
[6.237253] (examples_rclcpp_async_client) StdoutLine: {'line': b'\n'}
[6.238190] (examples_rclcpp_async_client) StdoutLine: {'line': b'Total Test time (real) =   5.96 sec\n'}
[6.238430] (examples_rclcpp_async_client) CommandEnded: {'returncode': 0}
[6.239209] (examples_rclcpp_async_client) JobEnded: {'identifier': 'examples_rclcpp_async_client', 'rc': 0}
[6.249637] (-) TimerEvent: {}
[6.250004] (examples_rclpy_guard_conditions) JobStarted: {'identifier': 'examples_rclpy_guard_conditions'}
[6.250133] (examples_rclpy_guard_conditions) JobEnded: {'identifier': 'examples_rclpy_guard_conditions', 'rc': 1}
[6.254100] (examples_rclpy_minimal_action_client) JobStarted: {'identifier': 'examples_rclpy_minimal_action_client'}
[6.349859] (-) TimerEvent: {}
[6.450626] (-) TimerEvent: {}
[6.551041] (-) TimerEvent: {}
[6.651480] (-) TimerEvent: {}
[6.751910] (-) TimerEvent: {}
[6.852431] (-) TimerEvent: {}
[6.959275] (-) TimerEvent: {}
[7.057227] (examples_rclpy_executors) Command: {'cmd': ['/usr/bin/python3', '-m', 'pytest'], 'cwd': '/home/aditya/ros2_ws/src/examples/rclpy/executors', 'env': {'LESSOPEN': '| /usr/bin/lesspipe %s', 'LANGUAGE': 'en_IN:en', 'USER': 'aditya', 'XDG_SESSION_TYPE': 'wayland', 'SHLVL': '1', 'LD_LIBRARY_PATH': '/opt/ros/humble/opt/rviz_ogre_vendor/lib:/opt/ros/humble/lib/x86_64-linux-gnu:/opt/ros/humble/lib', 'HOME': '/home/aditya', 'OLDPWD': '/home/aditya', 'DESKTOP_SESSION': 'ubuntu', 'ROS_PYTHON_VERSION': '3', 'GNOME_SHELL_SESSION_MODE': 'ubuntu', 'GTK_MODULES': 'gail:atk-bridge', 'SYSTEMD_EXEC_PID': '2721', 'DBUS_SESSION_BUS_ADDRESS': 'unix:path=/run/user/1000/bus', 'COLORTERM': 'truecolor', 'IM_CONFIG_PHASE': '1', 'WAYLAND_DISPLAY': 'wayland-0', 'COLCON_PREFIX_PATH': '/home/aditya/ros2_ws/install', 'ROS_DISTRO': 'humble', 'LOGNAME': 'aditya', '_': '/usr/bin/colcon', 'ROS_VERSION': '2', 'XDG_SESSION_CLASS': 'user', 'USERNAME': 'aditya', 'TERM': 'xterm-256color', 'GNOME_DESKTOP_SESSION_ID': 'this-is-deprecated', 'ROS_LOCALHOST_ONLY': '0', 'PATH': '/opt/ros/humble/bin:/usr/local/sbin:/usr/local/bin:/usr/sbin:/usr/bin:/sbin:/bin:/usr/games:/usr/local/games:/snap/bin:/snap/bin', 'SESSION_MANAGER': 'local/ubuntu22:@/tmp/.ICE-unix/2690,unix/ubuntu22:/tmp/.ICE-unix/2690', 'XDG_MENU_PREFIX': 'gnome-', 'GNOME_TERMINAL_SCREEN': '/org/gnome/Terminal/screen/2a0bb8c0_ef1c_4b92_954c_66af5d09eff6', 'GNOME_SETUP_DISPLAY': ':1', 'XDG_RUNTIME_DIR': '/run/user/1000', 'DISPLAY': ':0', 'LANG': 'en_US.UTF-8', 'XDG_CURRENT_DESKTOP': 'ubuntu:GNOME', 'XMODIFIERS': '@im=ibus', 'XDG_SESSION_DESKTOP': 'ubuntu', 'XAUTHORITY': '/run/user/1000/.mutter-Xwaylandauth.G940P2', 'LS_COLORS': 'rs=0:di=01;34:ln=01;36:mh=00:pi=40;33:so=01;35:do=01;35:bd=40;33;01:cd=40;33;01:or=40;31;01:mi=00:su=37;41:sg=30;43:ca=30;41:tw=30;42:ow=34;42:st=37;44:ex=01;32:*.tar=01;31:*.tgz=01;31:*.arc=01;31:*.arj=01;31:*.taz=01;31:*.lha=01;31:*.lz4=01;31:*.lzh=01;31:*.lzma=01;31:*.tlz=01;31:*.txz=01;31:*.tzo=01;31:*.t7z=01;31:*.zip=01;31:*.z=01;31:*.dz=01;31:*.gz=01;31:*.lrz=01;31:*.lz=01;31:*.lzo=01;31:*.xz=01;31:*.zst=01;31:*.tzst=01;31:*.bz2=01;31:*.bz=01;31:*.tbz=01;31:*.tbz2=01;31:*.tz=01;31:*.deb=01;31:*.rpm=01;31:*.jar=01;31:*.war=01;31:*.ear=01;31:*.sar=01;31:*.rar=01;31:*.alz=01;31:*.ace=01;31:*.zoo=01;31:*.cpio=01;31:*.7z=01;31:*.rz=01;31:*.cab=01;31:*.wim=01;31:*.swm=01;31:*.dwm=01;31:*.esd=01;31:*.jpg=01;35:*.jpeg=01;35:*.mjpg=01;35:*.mjpeg=01;35:*.gif=01;35:*.bmp=01;35:*.pbm=01;35:*.pgm=01;35:*.ppm=01;35:*.tga=01;35:*.xbm=01;35:*.xpm=01;35:*.tif=01;35:*.tiff=01;35:*.png=01;35:*.svg=01;35:*.svgz=01;35:*.mng=01;35:*.pcx=01;35:*.mov=01;35:*.mpg=01;35:*.mpeg=01;35:*.m2v=01;35:*.mkv=01;35:*.webm=01;35:*.webp=01;35:*.ogm=01;35:*.mp4=01;35:*.m4v=01;35:*.mp4v=01;35:*.vob=01;35:*.qt=01;35:*.nuv=01;35:*.wmv=01;35:*.asf=01;35:*.rm=01;35:*.rmvb=01;35:*.flc=01;35:*.avi=01;35:*.fli=01;35:*.flv=01;35:*.gl=01;35:*.dl=01;35:*.xcf=01;35:*.xwd=01;35:*.yuv=01;35:*.cgm=01;35:*.emf=01;35:*.ogv=01;35:*.ogx=01;35:*.aac=00;36:*.au=00;36:*.flac=00;36:*.m4a=00;36:*.mid=00;36:*.midi=00;36:*.mka=00;36:*.mp3=00;36:*.mpc=00;36:*.ogg=00;36:*.ra=00;36:*.wav=00;36:*.oga=00;36:*.opus=00;36:*.spx=00;36:*.xspf=00;36:', 'GNOME_TERMINAL_SERVICE': ':1.150', 'SSH_AGENT_LAUNCHER': 'gnome-keyring', 'SSH_AUTH_SOCK': '/run/user/1000/keyring/ssh', 'AMENT_PREFIX_PATH': '/opt/ros/humble', 'SHELL': '/bin/bash', 'QT_ACCESSIBILITY': '1', 'GDMSESSION': 'ubuntu', 'LESSCLOSE': '/usr/bin/lesspipe %s %s', 'QT_IM_MODULE': 'ibus', 'PWD': '/home/aditya/ros2_ws/build/examples_rclpy_executors', 'LC_ALL': 'en_US.UTF-8', 'XDG_CONFIG_DIRS': '/etc/xdg/xdg-ubuntu:/etc/xdg', 'XDG_DATA_DIRS': '/usr/share/ubuntu:/usr/local/share/:/usr/share/:/var/lib/snapd/desktop', 'PYTHONPATH': '/opt/ros/humble/lib/python3.10/site-packages:/opt/ros/humble/local/lib/python3.10/dist-packages', 'COLCON': '1', 'VTE_VERSION': '6800', 'PYTHONDONTWRITEBYTECODE': '1', 'PYTEST_ADDOPTS': '--tb=short --junit-xml=/home/aditya/ros2_ws/build/examples_rclpy_executors/pytest.xml --junit-prefix=examples_rclpy_executors -o cache_dir=/home/aditya/ros2_ws/build/examples_rclpy_executors/.pytest_cache'}, 'shell': False}
[7.060165] (-) TimerEvent: {}
[7.160679] (-) TimerEvent: {}
[7.261330] (-) TimerEvent: {}
[7.361979] (-) TimerEvent: {}
[7.462893] (-) TimerEvent: {}
[7.563462] (-) TimerEvent: {}
[7.664057] (-) TimerEvent: {}
[7.764744] (-) TimerEvent: {}
[7.865454] (-) TimerEvent: {}
[7.910437] (examples_rclpy_minimal_action_client) Command: {'cmd': ['/usr/bin/python3', '-m', 'pytest'], 'cwd': '/home/aditya/ros2_ws/src/examples/rclpy/actions/minimal_action_client', 'env': {'LESSOPEN': '| /usr/bin/lesspipe %s', 'LANGUAGE': 'en_IN:en', 'USER': 'aditya', 'XDG_SESSION_TYPE': 'wayland', 'SHLVL': '1', 'LD_LIBRARY_PATH': '/opt/ros/humble/opt/rviz_ogre_vendor/lib:/opt/ros/humble/lib/x86_64-linux-gnu:/opt/ros/humble/lib', 'HOME': '/home/aditya', 'OLDPWD': '/home/aditya', 'DESKTOP_SESSION': 'ubuntu', 'ROS_PYTHON_VERSION': '3', 'GNOME_SHELL_SESSION_MODE': 'ubuntu', 'GTK_MODULES': 'gail:atk-bridge', 'SYSTEMD_EXEC_PID': '2721', 'DBUS_SESSION_BUS_ADDRESS': 'unix:path=/run/user/1000/bus', 'COLORTERM': 'truecolor', 'IM_CONFIG_PHASE': '1', 'WAYLAND_DISPLAY': 'wayland-0', 'COLCON_PREFIX_PATH': '/home/aditya/ros2_ws/install', 'ROS_DISTRO': 'humble', 'LOGNAME': 'aditya', '_': '/usr/bin/colcon', 'ROS_VERSION': '2', 'XDG_SESSION_CLASS': 'user', 'USERNAME': 'aditya', 'TERM': 'xterm-256color', 'GNOME_DESKTOP_SESSION_ID': 'this-is-deprecated', 'ROS_LOCALHOST_ONLY': '0', 'PATH': '/opt/ros/humble/bin:/usr/local/sbin:/usr/local/bin:/usr/sbin:/usr/bin:/sbin:/bin:/usr/games:/usr/local/games:/snap/bin:/snap/bin', 'SESSION_MANAGER': 'local/ubuntu22:@/tmp/.ICE-unix/2690,unix/ubuntu22:/tmp/.ICE-unix/2690', 'XDG_MENU_PREFIX': 'gnome-', 'GNOME_TERMINAL_SCREEN': '/org/gnome/Terminal/screen/2a0bb8c0_ef1c_4b92_954c_66af5d09eff6', 'GNOME_SETUP_DISPLAY': ':1', 'XDG_RUNTIME_DIR': '/run/user/1000', 'DISPLAY': ':0', 'LANG': 'en_US.UTF-8', 'XDG_CURRENT_DESKTOP': 'ubuntu:GNOME', 'XMODIFIERS': '@im=ibus', 'XDG_SESSION_DESKTOP': 'ubuntu', 'XAUTHORITY': '/run/user/1000/.mutter-Xwaylandauth.G940P2', 'LS_COLORS': 'rs=0:di=01;34:ln=01;36:mh=00:pi=40;33:so=01;35:do=01;35:bd=40;33;01:cd=40;33;01:or=40;31;01:mi=00:su=37;41:sg=30;43:ca=30;41:tw=30;42:ow=34;42:st=37;44:ex=01;32:*.tar=01;31:*.tgz=01;31:*.arc=01;31:*.arj=01;31:*.taz=01;31:*.lha=01;31:*.lz4=01;31:*.lzh=01;31:*.lzma=01;31:*.tlz=01;31:*.txz=01;31:*.tzo=01;31:*.t7z=01;31:*.zip=01;31:*.z=01;31:*.dz=01;31:*.gz=01;31:*.lrz=01;31:*.lz=01;31:*.lzo=01;31:*.xz=01;31:*.zst=01;31:*.tzst=01;31:*.bz2=01;31:*.bz=01;31:*.tbz=01;31:*.tbz2=01;31:*.tz=01;31:*.deb=01;31:*.rpm=01;31:*.jar=01;31:*.war=01;31:*.ear=01;31:*.sar=01;31:*.rar=01;31:*.alz=01;31:*.ace=01;31:*.zoo=01;31:*.cpio=01;31:*.7z=01;31:*.rz=01;31:*.cab=01;31:*.wim=01;31:*.swm=01;31:*.dwm=01;31:*.esd=01;31:*.jpg=01;35:*.jpeg=01;35:*.mjpg=01;35:*.mjpeg=01;35:*.gif=01;35:*.bmp=01;35:*.pbm=01;35:*.pgm=01;35:*.ppm=01;35:*.tga=01;35:*.xbm=01;35:*.xpm=01;35:*.tif=01;35:*.tiff=01;35:*.png=01;35:*.svg=01;35:*.svgz=01;35:*.mng=01;35:*.pcx=01;35:*.mov=01;35:*.mpg=01;35:*.mpeg=01;35:*.m2v=01;35:*.mkv=01;35:*.webm=01;35:*.webp=01;35:*.ogm=01;35:*.mp4=01;35:*.m4v=01;35:*.mp4v=01;35:*.vob=01;35:*.qt=01;35:*.nuv=01;35:*.wmv=01;35:*.asf=01;35:*.rm=01;35:*.rmvb=01;35:*.flc=01;35:*.avi=01;35:*.fli=01;35:*.flv=01;35:*.gl=01;35:*.dl=01;35:*.xcf=01;35:*.xwd=01;35:*.yuv=01;35:*.cgm=01;35:*.emf=01;35:*.ogv=01;35:*.ogx=01;35:*.aac=00;36:*.au=00;36:*.flac=00;36:*.m4a=00;36:*.mid=00;36:*.midi=00;36:*.mka=00;36:*.mp3=00;36:*.mpc=00;36:*.ogg=00;36:*.ra=00;36:*.wav=00;36:*.oga=00;36:*.opus=00;36:*.spx=00;36:*.xspf=00;36:', 'GNOME_TERMINAL_SERVICE': ':1.150', 'SSH_AGENT_LAUNCHER': 'gnome-keyring', 'SSH_AUTH_SOCK': '/run/user/1000/keyring/ssh', 'AMENT_PREFIX_PATH': '/opt/ros/humble', 'SHELL': '/bin/bash', 'QT_ACCESSIBILITY': '1', 'GDMSESSION': 'ubuntu', 'LESSCLOSE': '/usr/bin/lesspipe %s %s', 'QT_IM_MODULE': 'ibus', 'PWD': '/home/aditya/ros2_ws/build/examples_rclpy_minimal_action_client', 'LC_ALL': 'en_US.UTF-8', 'XDG_CONFIG_DIRS': '/etc/xdg/xdg-ubuntu:/etc/xdg', 'XDG_DATA_DIRS': '/usr/share/ubuntu:/usr/local/share/:/usr/share/:/var/lib/snapd/desktop', 'PYTHONPATH': '/opt/ros/humble/lib/python3.10/site-packages:/opt/ros/humble/local/lib/python3.10/dist-packages', 'COLCON': '1', 'VTE_VERSION': '6800', 'PYTHONDONTWRITEBYTECODE': '1', 'PYTEST_ADDOPTS': '--tb=short --junit-xml=/home/aditya/ros2_ws/build/examples_rclpy_minimal_action_client/pytest.xml --junit-prefix=examples_rclpy_minimal_action_client -o cache_dir=/home/aditya/ros2_ws/build/examples_rclpy_minimal_action_client/.pytest_cache'}, 'shell': False}
[7.967097] (-) TimerEvent: {}
[8.069337] (-) TimerEvent: {}
[8.169899] (-) TimerEvent: {}
[8.271023] (-) TimerEvent: {}
[8.371583] (-) TimerEvent: {}
[8.472263] (-) TimerEvent: {}
[8.519690] (examples_rclpy_executors) StdoutLine: {'line': b'\x1b[1m============================= test session starts ==============================\x1b[0m\n'}
[8.520061] (examples_rclpy_executors) StdoutLine: {'line': b'platform linux -- Python 3.10.12, pytest-6.2.5, py-1.10.0, pluggy-0.13.0\n'}
[8.536902] (examples_rclpy_executors) StdoutLine: {'line': b'cachedir: /home/aditya/ros2_ws/build/examples_rclpy_executors/.pytest_cache\n'}
[8.537182] (examples_rclpy_executors) StdoutLine: {'line': b'rootdir: /home/aditya/ros2_ws/src/examples/rclpy, configfile: pytest.ini\n'}
[8.537390] (examples_rclpy_executors) StdoutLine: {'line': b'plugins: launch-testing-1.0.6, ament-lint-0.12.11, ament-xmllint-0.12.11, launch-testing-ros-0.19.7, ament-flake8-0.12.11, ament-pep257-0.12.11, ament-copyright-0.12.11, cov-3.0.0, colcon-core-0.16.1\n'}
[8.572427] (-) TimerEvent: {}
[8.673070] (-) TimerEvent: {}
[8.773876] (-) TimerEvent: {}
[8.874684] (-) TimerEvent: {}
[8.883420] (examples_rclpy_minimal_action_client) StdoutLine: {'line': b'\x1b[1m============================= test session starts ==============================\x1b[0m\n'}
[8.883873] (examples_rclpy_minimal_action_client) StdoutLine: {'line': b'platform linux -- Python 3.10.12, pytest-6.2.5, py-1.10.0, pluggy-0.13.0\n'}
[8.896923] (examples_rclpy_minimal_action_client) StdoutLine: {'line': b'cachedir: /home/aditya/ros2_ws/build/examples_rclpy_minimal_action_client/.pytest_cache\n'}
[8.897522] (examples_rclpy_minimal_action_client) StdoutLine: {'line': b'rootdir: /home/aditya/ros2_ws/src/examples/rclpy, configfile: pytest.ini\n'}
[8.897984] (examples_rclpy_minimal_action_client) StdoutLine: {'line': b'plugins: launch-testing-1.0.6, ament-lint-0.12.11, ament-xmllint-0.12.11, launch-testing-ros-0.19.7, ament-flake8-0.12.11, ament-pep257-0.12.11, ament-copyright-0.12.11, cov-3.0.0, colcon-core-0.16.1\n'}
[8.920338] (examples_rclpy_executors) StdoutLine: {'line': b'\x1b[1mcollecting ... \x1b[0m\x1b[1m\n'}
[8.920616] (examples_rclpy_executors) StdoutLine: {'line': b'collected 3 items                                                              \x1b[0m\n'}
[8.922115] (examples_rclpy_executors) StdoutLine: {'line': b'\n'}
[8.974836] (-) TimerEvent: {}
[9.075381] (-) TimerEvent: {}
[9.133704] (examples_rclpy_minimal_action_client) StdoutLine: {'line': b'\x1b[1mcollecting ... \x1b[0m\x1b[1m\n'}
[9.134277] (examples_rclpy_minimal_action_client) StdoutLine: {'line': b'collected 3 items                                                              \x1b[0m\n'}
[9.135016] (examples_rclpy_minimal_action_client) StdoutLine: {'line': b'\n'}
[9.175533] (-) TimerEvent: {}
[9.276263] (-) TimerEvent: {}
[9.376827] (-) TimerEvent: {}
[9.479003] (-) TimerEvent: {}
[9.579657] (-) TimerEvent: {}
[9.680181] (-) TimerEvent: {}
[9.780833] (-) TimerEvent: {}
[9.881488] (-) TimerEvent: {}
[9.940001] (examples_rclpy_minimal_action_client) StdoutLine: {'line': b'test/test_copyright.py \x1b[32m.\x1b[0m\x1b[32m                                                 [ 33%]\x1b[0m\n'}
[9.972600] (examples_rclpy_executors) StdoutLine: {'line': b'test/test_copyright.py \x1b[32m.\x1b[0m\x1b[32m                                                 [ 33%]\x1b[0m\n'}
[9.982060] (-) TimerEvent: {}
[10.082718] (-) TimerEvent: {}
[10.183369] (-) TimerEvent: {}
[10.284019] (-) TimerEvent: {}
[10.384702] (-) TimerEvent: {}
[10.485434] (-) TimerEvent: {}
[10.586045] (-) TimerEvent: {}
[10.648571] (examples_rclpy_executors) StdoutLine: {'line': b'test/test_flake8.py \x1b[32m.\x1b[0m\x1b[33m                                                    [ 66%]\x1b[0m\n'}
[10.680250] (examples_rclpy_minimal_action_client) StdoutLine: {'line': b'test/test_flake8.py \x1b[32m.\x1b[0m\x1b[33m                                                    [ 66%]\x1b[0m\n'}
[10.686707] (-) TimerEvent: {}
[10.787325] (-) TimerEvent: {}
[10.815867] (examples_rclpy_executors) StdoutLine: {'line': b'test/test_pep257.py \x1b[32m.\x1b[0m\x1b[33m                                                    [100%]\x1b[0m\n'}
[10.820304] (examples_rclpy_executors) StderrLine: {'line': b'\n'}
[10.821485] (examples_rclpy_executors) StdoutLine: {'line': b'- generated xml file: /home/aditya/ros2_ws/build/examples_rclpy_executors/pytest.xml -\n'}
[10.822713] (examples_rclpy_executors) StdoutLine: {'line': b'\x1b[33m======================== \x1b[32m3 passed\x1b[0m, \x1b[33m\x1b[1m2 warnings\x1b[0m\x1b[33m in 2.30s\x1b[0m\x1b[33m =========================\x1b[0m\n'}
[10.824882] (examples_rclpy_executors) StderrLine: {'line': b'\x1b[33m=============================== warnings summary ===============================\x1b[0m\n'}
[10.825340] (examples_rclpy_executors) StderrLine: {'line': b'executors/test/test_flake8.py::test_flake8\n'}
[10.826434] (examples_rclpy_executors) StderrLine: {'line': b'executors/test/test_flake8.py::test_flake8\n'}
[10.827552] (examples_rclpy_executors) StderrLine: {'line': b'  Warning: SelectableGroups dict interface is deprecated. Use select.\n'}
[10.828152] (examples_rclpy_executors) StderrLine: {'line': b'\n'}
[10.828460] (examples_rclpy_executors) StderrLine: {'line': b'-- Docs: https://docs.pytest.org/en/stable/warnings.html\n'}
[10.836975] (examples_rclpy_minimal_action_client) StdoutLine: {'line': b'test/test_pep257.py \x1b[32m.\x1b[0m\x1b[33m                                                    [100%]\x1b[0m\n'}
[10.838141] (examples_rclpy_minimal_action_client) StderrLine: {'line': b'\n'}
[10.838500] (examples_rclpy_minimal_action_client) StderrLine: {'line': b'\x1b[33m=============================== warnings summary ===============================\x1b[0m\n'}
[10.838888] (examples_rclpy_minimal_action_client) StderrLine: {'line': b'actions/minimal_action_client/test/test_flake8.py::test_flake8\n'}
[10.839074] (examples_rclpy_minimal_action_client) StderrLine: {'line': b'actions/minimal_action_client/test/test_flake8.py::test_flake8\n'}
[10.839364] (examples_rclpy_minimal_action_client) StderrLine: {'line': b'  Warning: SelectableGroups dict interface is deprecated. Use select.\n'}
[10.839646] (examples_rclpy_minimal_action_client) StderrLine: {'line': b'\n'}
[10.839828] (examples_rclpy_minimal_action_client) StderrLine: {'line': b'-- Docs: https://docs.pytest.org/en/stable/warnings.html\n'}
[10.840285] (examples_rclpy_minimal_action_client) StdoutLine: {'line': b'- generated xml file: /home/aditya/ros2_ws/build/examples_rclpy_minimal_action_client/pytest.xml -\n'}
[10.841060] (examples_rclpy_minimal_action_client) StdoutLine: {'line': b'\x1b[33m======================== \x1b[32m3 passed\x1b[0m, \x1b[33m\x1b[1m2 warnings\x1b[0m\x1b[33m in 1.96s\x1b[0m\x1b[33m =========================\x1b[0m\n'}
[10.887554] (-) TimerEvent: {}
[10.988226] (-) TimerEvent: {}
[11.014635] (examples_rclpy_executors) CommandEnded: {'returncode': 0}
[11.017355] (examples_rclpy_executors) JobEnded: {'identifier': 'examples_rclpy_executors', 'rc': 0}
[11.018971] (examples_rclpy_minimal_action_server) JobStarted: {'identifier': 'examples_rclpy_minimal_action_server'}
[11.038149] (examples_rclpy_minimal_action_client) CommandEnded: {'returncode': 0}
[11.038661] (examples_rclpy_minimal_action_client) JobEnded: {'identifier': 'examples_rclpy_minimal_action_client', 'rc': 0}
[11.040076] (examples_rclpy_minimal_client) JobStarted: {'identifier': 'examples_rclpy_minimal_client'}
[11.088454] (-) TimerEvent: {}
[11.189177] (-) TimerEvent: {}
[11.289720] (-) TimerEvent: {}
[11.390384] (-) TimerEvent: {}
[11.490865] (-) TimerEvent: {}
[11.591295] (-) TimerEvent: {}
[11.691826] (-) TimerEvent: {}
[11.792283] (-) TimerEvent: {}
[11.845707] (examples_rclpy_minimal_action_server) Command: {'cmd': ['/usr/bin/python3', '-m', 'pytest'], 'cwd': '/home/aditya/ros2_ws/src/examples/rclpy/actions/minimal_action_server', 'env': {'LESSOPEN': '| /usr/bin/lesspipe %s', 'LANGUAGE': 'en_IN:en', 'USER': 'aditya', 'XDG_SESSION_TYPE': 'wayland', 'SHLVL': '1', 'LD_LIBRARY_PATH': '/opt/ros/humble/opt/rviz_ogre_vendor/lib:/opt/ros/humble/lib/x86_64-linux-gnu:/opt/ros/humble/lib', 'HOME': '/home/aditya', 'OLDPWD': '/home/aditya', 'DESKTOP_SESSION': 'ubuntu', 'ROS_PYTHON_VERSION': '3', 'GNOME_SHELL_SESSION_MODE': 'ubuntu', 'GTK_MODULES': 'gail:atk-bridge', 'SYSTEMD_EXEC_PID': '2721', 'DBUS_SESSION_BUS_ADDRESS': 'unix:path=/run/user/1000/bus', 'COLORTERM': 'truecolor', 'IM_CONFIG_PHASE': '1', 'WAYLAND_DISPLAY': 'wayland-0', 'COLCON_PREFIX_PATH': '/home/aditya/ros2_ws/install', 'ROS_DISTRO': 'humble', 'LOGNAME': 'aditya', '_': '/usr/bin/colcon', 'ROS_VERSION': '2', 'XDG_SESSION_CLASS': 'user', 'USERNAME': 'aditya', 'TERM': 'xterm-256color', 'GNOME_DESKTOP_SESSION_ID': 'this-is-deprecated', 'ROS_LOCALHOST_ONLY': '0', 'PATH': '/opt/ros/humble/bin:/usr/local/sbin:/usr/local/bin:/usr/sbin:/usr/bin:/sbin:/bin:/usr/games:/usr/local/games:/snap/bin:/snap/bin', 'SESSION_MANAGER': 'local/ubuntu22:@/tmp/.ICE-unix/2690,unix/ubuntu22:/tmp/.ICE-unix/2690', 'XDG_MENU_PREFIX': 'gnome-', 'GNOME_TERMINAL_SCREEN': '/org/gnome/Terminal/screen/2a0bb8c0_ef1c_4b92_954c_66af5d09eff6', 'GNOME_SETUP_DISPLAY': ':1', 'XDG_RUNTIME_DIR': '/run/user/1000', 'DISPLAY': ':0', 'LANG': 'en_US.UTF-8', 'XDG_CURRENT_DESKTOP': 'ubuntu:GNOME', 'XMODIFIERS': '@im=ibus', 'XDG_SESSION_DESKTOP': 'ubuntu', 'XAUTHORITY': '/run/user/1000/.mutter-Xwaylandauth.G940P2', 'LS_COLORS': 'rs=0:di=01;34:ln=01;36:mh=00:pi=40;33:so=01;35:do=01;35:bd=40;33;01:cd=40;33;01:or=40;31;01:mi=00:su=37;41:sg=30;43:ca=30;41:tw=30;42:ow=34;42:st=37;44:ex=01;32:*.tar=01;31:*.tgz=01;31:*.arc=01;31:*.arj=01;31:*.taz=01;31:*.lha=01;31:*.lz4=01;31:*.lzh=01;31:*.lzma=01;31:*.tlz=01;31:*.txz=01;31:*.tzo=01;31:*.t7z=01;31:*.zip=01;31:*.z=01;31:*.dz=01;31:*.gz=01;31:*.lrz=01;31:*.lz=01;31:*.lzo=01;31:*.xz=01;31:*.zst=01;31:*.tzst=01;31:*.bz2=01;31:*.bz=01;31:*.tbz=01;31:*.tbz2=01;31:*.tz=01;31:*.deb=01;31:*.rpm=01;31:*.jar=01;31:*.war=01;31:*.ear=01;31:*.sar=01;31:*.rar=01;31:*.alz=01;31:*.ace=01;31:*.zoo=01;31:*.cpio=01;31:*.7z=01;31:*.rz=01;31:*.cab=01;31:*.wim=01;31:*.swm=01;31:*.dwm=01;31:*.esd=01;31:*.jpg=01;35:*.jpeg=01;35:*.mjpg=01;35:*.mjpeg=01;35:*.gif=01;35:*.bmp=01;35:*.pbm=01;35:*.pgm=01;35:*.ppm=01;35:*.tga=01;35:*.xbm=01;35:*.xpm=01;35:*.tif=01;35:*.tiff=01;35:*.png=01;35:*.svg=01;35:*.svgz=01;35:*.mng=01;35:*.pcx=01;35:*.mov=01;35:*.mpg=01;35:*.mpeg=01;35:*.m2v=01;35:*.mkv=01;35:*.webm=01;35:*.webp=01;35:*.ogm=01;35:*.mp4=01;35:*.m4v=01;35:*.mp4v=01;35:*.vob=01;35:*.qt=01;35:*.nuv=01;35:*.wmv=01;35:*.asf=01;35:*.rm=01;35:*.rmvb=01;35:*.flc=01;35:*.avi=01;35:*.fli=01;35:*.flv=01;35:*.gl=01;35:*.dl=01;35:*.xcf=01;35:*.xwd=01;35:*.yuv=01;35:*.cgm=01;35:*.emf=01;35:*.ogv=01;35:*.ogx=01;35:*.aac=00;36:*.au=00;36:*.flac=00;36:*.m4a=00;36:*.mid=00;36:*.midi=00;36:*.mka=00;36:*.mp3=00;36:*.mpc=00;36:*.ogg=00;36:*.ra=00;36:*.wav=00;36:*.oga=00;36:*.opus=00;36:*.spx=00;36:*.xspf=00;36:', 'GNOME_TERMINAL_SERVICE': ':1.150', 'SSH_AGENT_LAUNCHER': 'gnome-keyring', 'SSH_AUTH_SOCK': '/run/user/1000/keyring/ssh', 'AMENT_PREFIX_PATH': '/opt/ros/humble', 'SHELL': '/bin/bash', 'QT_ACCESSIBILITY': '1', 'GDMSESSION': 'ubuntu', 'LESSCLOSE': '/usr/bin/lesspipe %s %s', 'QT_IM_MODULE': 'ibus', 'PWD': '/home/aditya/ros2_ws/build/examples_rclpy_minimal_action_server', 'LC_ALL': 'en_US.UTF-8', 'XDG_CONFIG_DIRS': '/etc/xdg/xdg-ubuntu:/etc/xdg', 'XDG_DATA_DIRS': '/usr/share/ubuntu:/usr/local/share/:/usr/share/:/var/lib/snapd/desktop', 'PYTHONPATH': '/opt/ros/humble/lib/python3.10/site-packages:/opt/ros/humble/local/lib/python3.10/dist-packages', 'COLCON': '1', 'VTE_VERSION': '6800', 'PYTHONDONTWRITEBYTECODE': '1', 'PYTEST_ADDOPTS': '--tb=short --junit-xml=/home/aditya/ros2_ws/build/examples_rclpy_minimal_action_server/pytest.xml --junit-prefix=examples_rclpy_minimal_action_server -o cache_dir=/home/aditya/ros2_ws/build/examples_rclpy_minimal_action_server/.pytest_cache'}, 'shell': False}
[11.892472] (-) TimerEvent: {}
[11.992924] (-) TimerEvent: {}
[12.093496] (-) TimerEvent: {}
[12.194079] (-) TimerEvent: {}
[12.294633] (-) TimerEvent: {}
[12.395232] (-) TimerEvent: {}
[12.496062] (-) TimerEvent: {}
[12.596910] (-) TimerEvent: {}
[12.696884] (examples_rclpy_minimal_client) Command: {'cmd': ['/usr/bin/python3', '-m', 'pytest'], 'cwd': '/home/aditya/ros2_ws/src/examples/rclpy/services/minimal_client', 'env': {'LESSOPEN': '| /usr/bin/lesspipe %s', 'LANGUAGE': 'en_IN:en', 'USER': 'aditya', 'XDG_SESSION_TYPE': 'wayland', 'SHLVL': '1', 'LD_LIBRARY_PATH': '/opt/ros/humble/opt/rviz_ogre_vendor/lib:/opt/ros/humble/lib/x86_64-linux-gnu:/opt/ros/humble/lib', 'HOME': '/home/aditya', 'OLDPWD': '/home/aditya', 'DESKTOP_SESSION': 'ubuntu', 'ROS_PYTHON_VERSION': '3', 'GNOME_SHELL_SESSION_MODE': 'ubuntu', 'GTK_MODULES': 'gail:atk-bridge', 'SYSTEMD_EXEC_PID': '2721', 'DBUS_SESSION_BUS_ADDRESS': 'unix:path=/run/user/1000/bus', 'COLORTERM': 'truecolor', 'IM_CONFIG_PHASE': '1', 'WAYLAND_DISPLAY': 'wayland-0', 'COLCON_PREFIX_PATH': '/home/aditya/ros2_ws/install', 'ROS_DISTRO': 'humble', 'LOGNAME': 'aditya', '_': '/usr/bin/colcon', 'ROS_VERSION': '2', 'XDG_SESSION_CLASS': 'user', 'USERNAME': 'aditya', 'TERM': 'xterm-256color', 'GNOME_DESKTOP_SESSION_ID': 'this-is-deprecated', 'ROS_LOCALHOST_ONLY': '0', 'PATH': '/opt/ros/humble/bin:/usr/local/sbin:/usr/local/bin:/usr/sbin:/usr/bin:/sbin:/bin:/usr/games:/usr/local/games:/snap/bin:/snap/bin', 'SESSION_MANAGER': 'local/ubuntu22:@/tmp/.ICE-unix/2690,unix/ubuntu22:/tmp/.ICE-unix/2690', 'XDG_MENU_PREFIX': 'gnome-', 'GNOME_TERMINAL_SCREEN': '/org/gnome/Terminal/screen/2a0bb8c0_ef1c_4b92_954c_66af5d09eff6', 'GNOME_SETUP_DISPLAY': ':1', 'XDG_RUNTIME_DIR': '/run/user/1000', 'DISPLAY': ':0', 'LANG': 'en_US.UTF-8', 'XDG_CURRENT_DESKTOP': 'ubuntu:GNOME', 'XMODIFIERS': '@im=ibus', 'XDG_SESSION_DESKTOP': 'ubuntu', 'XAUTHORITY': '/run/user/1000/.mutter-Xwaylandauth.G940P2', 'LS_COLORS': 'rs=0:di=01;34:ln=01;36:mh=00:pi=40;33:so=01;35:do=01;35:bd=40;33;01:cd=40;33;01:or=40;31;01:mi=00:su=37;41:sg=30;43:ca=30;41:tw=30;42:ow=34;42:st=37;44:ex=01;32:*.tar=01;31:*.tgz=01;31:*.arc=01;31:*.arj=01;31:*.taz=01;31:*.lha=01;31:*.lz4=01;31:*.lzh=01;31:*.lzma=01;31:*.tlz=01;31:*.txz=01;31:*.tzo=01;31:*.t7z=01;31:*.zip=01;31:*.z=01;31:*.dz=01;31:*.gz=01;31:*.lrz=01;31:*.lz=01;31:*.lzo=01;31:*.xz=01;31:*.zst=01;31:*.tzst=01;31:*.bz2=01;31:*.bz=01;31:*.tbz=01;31:*.tbz2=01;31:*.tz=01;31:*.deb=01;31:*.rpm=01;31:*.jar=01;31:*.war=01;31:*.ear=01;31:*.sar=01;31:*.rar=01;31:*.alz=01;31:*.ace=01;31:*.zoo=01;31:*.cpio=01;31:*.7z=01;31:*.rz=01;31:*.cab=01;31:*.wim=01;31:*.swm=01;31:*.dwm=01;31:*.esd=01;31:*.jpg=01;35:*.jpeg=01;35:*.mjpg=01;35:*.mjpeg=01;35:*.gif=01;35:*.bmp=01;35:*.pbm=01;35:*.pgm=01;35:*.ppm=01;35:*.tga=01;35:*.xbm=01;35:*.xpm=01;35:*.tif=01;35:*.tiff=01;35:*.png=01;35:*.svg=01;35:*.svgz=01;35:*.mng=01;35:*.pcx=01;35:*.mov=01;35:*.mpg=01;35:*.mpeg=01;35:*.m2v=01;35:*.mkv=01;35:*.webm=01;35:*.webp=01;35:*.ogm=01;35:*.mp4=01;35:*.m4v=01;35:*.mp4v=01;35:*.vob=01;35:*.qt=01;35:*.nuv=01;35:*.wmv=01;35:*.asf=01;35:*.rm=01;35:*.rmvb=01;35:*.flc=01;35:*.avi=01;35:*.fli=01;35:*.flv=01;35:*.gl=01;35:*.dl=01;35:*.xcf=01;35:*.xwd=01;35:*.yuv=01;35:*.cgm=01;35:*.emf=01;35:*.ogv=01;35:*.ogx=01;35:*.aac=00;36:*.au=00;36:*.flac=00;36:*.m4a=00;36:*.mid=00;36:*.midi=00;36:*.mka=00;36:*.mp3=00;36:*.mpc=00;36:*.ogg=00;36:*.ra=00;36:*.wav=00;36:*.oga=00;36:*.opus=00;36:*.spx=00;36:*.xspf=00;36:', 'GNOME_TERMINAL_SERVICE': ':1.150', 'SSH_AGENT_LAUNCHER': 'gnome-keyring', 'SSH_AUTH_SOCK': '/run/user/1000/keyring/ssh', 'AMENT_PREFIX_PATH': '/opt/ros/humble', 'SHELL': '/bin/bash', 'QT_ACCESSIBILITY': '1', 'GDMSESSION': 'ubuntu', 'LESSCLOSE': '/usr/bin/lesspipe %s %s', 'QT_IM_MODULE': 'ibus', 'PWD': '/home/aditya/ros2_ws/build/examples_rclpy_minimal_client', 'LC_ALL': 'en_US.UTF-8', 'XDG_CONFIG_DIRS': '/etc/xdg/xdg-ubuntu:/etc/xdg', 'XDG_DATA_DIRS': '/usr/share/ubuntu:/usr/local/share/:/usr/share/:/var/lib/snapd/desktop', 'PYTHONPATH': '/opt/ros/humble/lib/python3.10/site-packages:/opt/ros/humble/local/lib/python3.10/dist-packages', 'COLCON': '1', 'VTE_VERSION': '6800', 'PYTHONDONTWRITEBYTECODE': '1', 'PYTEST_ADDOPTS': '--tb=short --junit-xml=/home/aditya/ros2_ws/build/examples_rclpy_minimal_client/pytest.xml --junit-prefix=examples_rclpy_minimal_client -o cache_dir=/home/aditya/ros2_ws/build/examples_rclpy_minimal_client/.pytest_cache'}, 'shell': False}
[12.698311] (-) TimerEvent: {}
[12.798844] (-) TimerEvent: {}
[12.803338] (examples_rclpy_minimal_action_server) StdoutLine: {'line': b'\x1b[1m============================= test session starts ==============================\x1b[0m\n'}
[12.803882] (examples_rclpy_minimal_action_server) StdoutLine: {'line': b'platform linux -- Python 3.10.12, pytest-6.2.5, py-1.10.0, pluggy-0.13.0\n'}
[12.821575] (examples_rclpy_minimal_action_server) StdoutLine: {'line': b'cachedir: /home/aditya/ros2_ws/build/examples_rclpy_minimal_action_server/.pytest_cache\n'}
[12.822891] (examples_rclpy_minimal_action_server) StdoutLine: {'line': b'rootdir: /home/aditya/ros2_ws/src/examples/rclpy, configfile: pytest.ini\n'}
[12.823331] (examples_rclpy_minimal_action_server) StdoutLine: {'line': b'plugins: launch-testing-1.0.6, ament-lint-0.12.11, ament-xmllint-0.12.11, launch-testing-ros-0.19.7, ament-flake8-0.12.11, ament-pep257-0.12.11, ament-copyright-0.12.11, cov-3.0.0, colcon-core-0.16.1\n'}
[12.899002] (-) TimerEvent: {}
[12.999587] (-) TimerEvent: {}
[13.100352] (-) TimerEvent: {}
[13.107930] (examples_rclpy_minimal_action_server) StdoutLine: {'line': b'\x1b[1mcollecting ... \x1b[0m\x1b[1m\n'}
[13.108375] (examples_rclpy_minimal_action_server) StdoutLine: {'line': b'collected 3 items                                                              \x1b[0m\n'}
[13.109305] (examples_rclpy_minimal_action_server) StdoutLine: {'line': b'\n'}
[13.200481] (-) TimerEvent: {}
[13.301063] (-) TimerEvent: {}
[13.401748] (-) TimerEvent: {}
[13.502832] (-) TimerEvent: {}
[13.603407] (-) TimerEvent: {}
[13.672526] (examples_rclpy_minimal_client) StdoutLine: {'line': b'\x1b[1m============================= test session starts ==============================\x1b[0m\n'}
[13.672905] (examples_rclpy_minimal_client) StdoutLine: {'line': b'platform linux -- Python 3.10.12, pytest-6.2.5, py-1.10.0, pluggy-0.13.0\n'}
[13.691030] (examples_rclpy_minimal_client) StdoutLine: {'line': b'cachedir: /home/aditya/ros2_ws/build/examples_rclpy_minimal_client/.pytest_cache\n'}
[13.691375] (examples_rclpy_minimal_client) StdoutLine: {'line': b'rootdir: /home/aditya/ros2_ws/src/examples/rclpy, configfile: pytest.ini\n'}
[13.691543] (examples_rclpy_minimal_client) StdoutLine: {'line': b'plugins: launch-testing-1.0.6, ament-lint-0.12.11, ament-xmllint-0.12.11, launch-testing-ros-0.19.7, ament-flake8-0.12.11, ament-pep257-0.12.11, ament-copyright-0.12.11, cov-3.0.0, colcon-core-0.16.1\n'}
[13.703604] (-) TimerEvent: {}
[13.804430] (-) TimerEvent: {}
[13.904928] (-) TimerEvent: {}
[14.005392] (-) TimerEvent: {}
[14.027451] (examples_rclpy_minimal_client) StdoutLine: {'line': b'\x1b[1mcollecting ... \x1b[0m\x1b[1m\n'}
[14.027733] (examples_rclpy_minimal_client) StdoutLine: {'line': b'collected 3 items                                                              \x1b[0m\n'}
[14.029016] (examples_rclpy_minimal_client) StdoutLine: {'line': b'\n'}
[14.105525] (-) TimerEvent: {}
[14.112175] (examples_rclpy_minimal_action_server) StdoutLine: {'line': b'test/test_copyright.py \x1b[32m.\x1b[0m\x1b[32m                                                 [ 33%]\x1b[0m\n'}
[14.205701] (-) TimerEvent: {}
[14.306404] (-) TimerEvent: {}
[14.407571] (-) TimerEvent: {}
[14.508087] (-) TimerEvent: {}
[14.608612] (-) TimerEvent: {}
[14.709236] (-) TimerEvent: {}
[14.728207] (examples_rclpy_minimal_action_server) StdoutLine: {'line': b'test/test_flake8.py \x1b[32m.\x1b[0m\x1b[33m                                                    [ 66%]\x1b[0m\n'}
[14.809439] (-) TimerEvent: {}
[14.910149] (-) TimerEvent: {}
[14.950631] (examples_rclpy_minimal_action_server) StdoutLine: {'line': b'test/test_pep257.py \x1b[32m.\x1b[0m\x1b[33m                                                    [100%]\x1b[0m\n'}
[14.950975] (examples_rclpy_minimal_action_server) StderrLine: {'line': b'\n'}
[14.952601] (examples_rclpy_minimal_action_server) StderrLine: {'line': b'\x1b[33m=============================== warnings summary ===============================\x1b[0m\n'}
[14.952797] (examples_rclpy_minimal_action_server) StderrLine: {'line': b'actions/minimal_action_server/test/test_flake8.py::test_flake8\n'}
[14.953418] (examples_rclpy_minimal_action_server) StderrLine: {'line': b'actions/minimal_action_server/test/test_flake8.py::test_flake8\n'}
[14.953799] (examples_rclpy_minimal_action_server) StderrLine: {'line': b'  Warning: SelectableGroups dict interface is deprecated. Use select.\n'}
[14.954578] (examples_rclpy_minimal_action_server) StderrLine: {'line': b'\n'}
[14.954943] (examples_rclpy_minimal_action_server) StderrLine: {'line': b'-- Docs: https://docs.pytest.org/en/stable/warnings.html\n'}
[14.955392] (examples_rclpy_minimal_action_server) StdoutLine: {'line': b'- generated xml file: /home/aditya/ros2_ws/build/examples_rclpy_minimal_action_server/pytest.xml -\n'}
[14.955713] (examples_rclpy_minimal_action_server) StdoutLine: {'line': b'\x1b[33m======================== \x1b[32m3 passed\x1b[0m, \x1b[33m\x1b[1m2 warnings\x1b[0m\x1b[33m in 2.15s\x1b[0m\x1b[33m =========================\x1b[0m\n'}
[15.011474] (-) TimerEvent: {}
[15.067704] (examples_rclpy_minimal_client) StdoutLine: {'line': b'test/test_copyright.py \x1b[32m.\x1b[0m\x1b[32m                                                 [ 33%]\x1b[0m\n'}
[15.111479] (-) TimerEvent: {}
[15.216895] (-) TimerEvent: {}
[15.258232] (examples_rclpy_minimal_action_server) CommandEnded: {'returncode': 0}
[15.259201] (examples_rclpy_minimal_action_server) JobEnded: {'identifier': 'examples_rclpy_minimal_action_server', 'rc': 0}
[15.259975] (examples_rclpy_minimal_publisher) JobStarted: {'identifier': 'examples_rclpy_minimal_publisher'}
[15.317111] (-) TimerEvent: {}
[15.417980] (-) TimerEvent: {}
[15.520074] (-) TimerEvent: {}
[15.621352] (-) TimerEvent: {}
[15.723224] (-) TimerEvent: {}
[15.824686] (-) TimerEvent: {}
[15.829452] (examples_rclpy_minimal_client) StdoutLine: {'line': b'test/test_flake8.py \x1b[32m.\x1b[0m\x1b[33m                                                    [ 66%]\x1b[0m\n'}
[15.924900] (-) TimerEvent: {}
[15.926655] (examples_rclpy_minimal_client) StdoutLine: {'line': b'test/test_pep257.py \x1b[32m.\x1b[0m\x1b[33m                                                    [100%]\x1b[0m\n'}
[15.927339] (examples_rclpy_minimal_client) StderrLine: {'line': b'\n'}
[15.927744] (examples_rclpy_minimal_client) StderrLine: {'line': b'\x1b[33m=============================== warnings summary ===============================\x1b[0m\n'}
[15.928167] (examples_rclpy_minimal_client) StderrLine: {'line': b'services/minimal_client/test/test_flake8.py::test_flake8\n'}
[15.928480] (examples_rclpy_minimal_client) StderrLine: {'line': b'services/minimal_client/test/test_flake8.py::test_flake8\n'}
[15.928818] (examples_rclpy_minimal_client) StderrLine: {'line': b'  Warning: SelectableGroups dict interface is deprecated. Use select.\n'}
[15.928992] (examples_rclpy_minimal_client) StderrLine: {'line': b'\n'}
[15.929310] (examples_rclpy_minimal_client) StderrLine: {'line': b'-- Docs: https://docs.pytest.org/en/stable/warnings.html\n'}
[15.929747] (examples_rclpy_minimal_client) StdoutLine: {'line': b'- generated xml file: /home/aditya/ros2_ws/build/examples_rclpy_minimal_client/pytest.xml -\n'}
[15.930440] (examples_rclpy_minimal_client) StdoutLine: {'line': b'\x1b[33m======================== \x1b[32m3 passed\x1b[0m, \x1b[33m\x1b[1m2 warnings\x1b[0m\x1b[33m in 2.26s\x1b[0m\x1b[33m =========================\x1b[0m\n'}
[16.025127] (-) TimerEvent: {}
[16.126102] (-) TimerEvent: {}
[16.227032] (-) TimerEvent: {}
[16.328181] (-) TimerEvent: {}
[16.429526] (-) TimerEvent: {}
[16.532400] (-) TimerEvent: {}
[16.585335] (examples_rclpy_minimal_publisher) Command: {'cmd': ['/usr/bin/python3', '-m', 'pytest'], 'cwd': '/home/aditya/ros2_ws/src/examples/rclpy/topics/minimal_publisher', 'env': {'LESSOPEN': '| /usr/bin/lesspipe %s', 'LANGUAGE': 'en_IN:en', 'USER': 'aditya', 'XDG_SESSION_TYPE': 'wayland', 'SHLVL': '1', 'LD_LIBRARY_PATH': '/opt/ros/humble/opt/rviz_ogre_vendor/lib:/opt/ros/humble/lib/x86_64-linux-gnu:/opt/ros/humble/lib', 'HOME': '/home/aditya', 'OLDPWD': '/home/aditya', 'DESKTOP_SESSION': 'ubuntu', 'ROS_PYTHON_VERSION': '3', 'GNOME_SHELL_SESSION_MODE': 'ubuntu', 'GTK_MODULES': 'gail:atk-bridge', 'SYSTEMD_EXEC_PID': '2721', 'DBUS_SESSION_BUS_ADDRESS': 'unix:path=/run/user/1000/bus', 'COLORTERM': 'truecolor', 'IM_CONFIG_PHASE': '1', 'WAYLAND_DISPLAY': 'wayland-0', 'COLCON_PREFIX_PATH': '/home/aditya/ros2_ws/install', 'ROS_DISTRO': 'humble', 'LOGNAME': 'aditya', '_': '/usr/bin/colcon', 'ROS_VERSION': '2', 'XDG_SESSION_CLASS': 'user', 'USERNAME': 'aditya', 'TERM': 'xterm-256color', 'GNOME_DESKTOP_SESSION_ID': 'this-is-deprecated', 'ROS_LOCALHOST_ONLY': '0', 'PATH': '/opt/ros/humble/bin:/usr/local/sbin:/usr/local/bin:/usr/sbin:/usr/bin:/sbin:/bin:/usr/games:/usr/local/games:/snap/bin:/snap/bin', 'SESSION_MANAGER': 'local/ubuntu22:@/tmp/.ICE-unix/2690,unix/ubuntu22:/tmp/.ICE-unix/2690', 'XDG_MENU_PREFIX': 'gnome-', 'GNOME_TERMINAL_SCREEN': '/org/gnome/Terminal/screen/2a0bb8c0_ef1c_4b92_954c_66af5d09eff6', 'GNOME_SETUP_DISPLAY': ':1', 'XDG_RUNTIME_DIR': '/run/user/1000', 'DISPLAY': ':0', 'LANG': 'en_US.UTF-8', 'XDG_CURRENT_DESKTOP': 'ubuntu:GNOME', 'XMODIFIERS': '@im=ibus', 'XDG_SESSION_DESKTOP': 'ubuntu', 'XAUTHORITY': '/run/user/1000/.mutter-Xwaylandauth.G940P2', 'LS_COLORS': 'rs=0:di=01;34:ln=01;36:mh=00:pi=40;33:so=01;35:do=01;35:bd=40;33;01:cd=40;33;01:or=40;31;01:mi=00:su=37;41:sg=30;43:ca=30;41:tw=30;42:ow=34;42:st=37;44:ex=01;32:*.tar=01;31:*.tgz=01;31:*.arc=01;31:*.arj=01;31:*.taz=01;31:*.lha=01;31:*.lz4=01;31:*.lzh=01;31:*.lzma=01;31:*.tlz=01;31:*.txz=01;31:*.tzo=01;31:*.t7z=01;31:*.zip=01;31:*.z=01;31:*.dz=01;31:*.gz=01;31:*.lrz=01;31:*.lz=01;31:*.lzo=01;31:*.xz=01;31:*.zst=01;31:*.tzst=01;31:*.bz2=01;31:*.bz=01;31:*.tbz=01;31:*.tbz2=01;31:*.tz=01;31:*.deb=01;31:*.rpm=01;31:*.jar=01;31:*.war=01;31:*.ear=01;31:*.sar=01;31:*.rar=01;31:*.alz=01;31:*.ace=01;31:*.zoo=01;31:*.cpio=01;31:*.7z=01;31:*.rz=01;31:*.cab=01;31:*.wim=01;31:*.swm=01;31:*.dwm=01;31:*.esd=01;31:*.jpg=01;35:*.jpeg=01;35:*.mjpg=01;35:*.mjpeg=01;35:*.gif=01;35:*.bmp=01;35:*.pbm=01;35:*.pgm=01;35:*.ppm=01;35:*.tga=01;35:*.xbm=01;35:*.xpm=01;35:*.tif=01;35:*.tiff=01;35:*.png=01;35:*.svg=01;35:*.svgz=01;35:*.mng=01;35:*.pcx=01;35:*.mov=01;35:*.mpg=01;35:*.mpeg=01;35:*.m2v=01;35:*.mkv=01;35:*.webm=01;35:*.webp=01;35:*.ogm=01;35:*.mp4=01;35:*.m4v=01;35:*.mp4v=01;35:*.vob=01;35:*.qt=01;35:*.nuv=01;35:*.wmv=01;35:*.asf=01;35:*.rm=01;35:*.rmvb=01;35:*.flc=01;35:*.avi=01;35:*.fli=01;35:*.flv=01;35:*.gl=01;35:*.dl=01;35:*.xcf=01;35:*.xwd=01;35:*.yuv=01;35:*.cgm=01;35:*.emf=01;35:*.ogv=01;35:*.ogx=01;35:*.aac=00;36:*.au=00;36:*.flac=00;36:*.m4a=00;36:*.mid=00;36:*.midi=00;36:*.mka=00;36:*.mp3=00;36:*.mpc=00;36:*.ogg=00;36:*.ra=00;36:*.wav=00;36:*.oga=00;36:*.opus=00;36:*.spx=00;36:*.xspf=00;36:', 'GNOME_TERMINAL_SERVICE': ':1.150', 'SSH_AGENT_LAUNCHER': 'gnome-keyring', 'SSH_AUTH_SOCK': '/run/user/1000/keyring/ssh', 'AMENT_PREFIX_PATH': '/opt/ros/humble', 'SHELL': '/bin/bash', 'QT_ACCESSIBILITY': '1', 'GDMSESSION': 'ubuntu', 'LESSCLOSE': '/usr/bin/lesspipe %s %s', 'QT_IM_MODULE': 'ibus', 'PWD': '/home/aditya/ros2_ws/build/examples_rclpy_minimal_publisher', 'LC_ALL': 'en_US.UTF-8', 'XDG_CONFIG_DIRS': '/etc/xdg/xdg-ubuntu:/etc/xdg', 'XDG_DATA_DIRS': '/usr/share/ubuntu:/usr/local/share/:/usr/share/:/var/lib/snapd/desktop', 'PYTHONPATH': '/opt/ros/humble/lib/python3.10/site-packages:/opt/ros/humble/local/lib/python3.10/dist-packages', 'COLCON': '1', 'VTE_VERSION': '6800', 'PYTHONDONTWRITEBYTECODE': '1', 'PYTEST_ADDOPTS': '--tb=short --junit-xml=/home/aditya/ros2_ws/build/examples_rclpy_minimal_publisher/pytest.xml --junit-prefix=examples_rclpy_minimal_publisher -o cache_dir=/home/aditya/ros2_ws/build/examples_rclpy_minimal_publisher/.pytest_cache'}, 'shell': False}
[16.591793] (examples_rclpy_minimal_client) CommandEnded: {'returncode': 0}
[16.592782] (examples_rclpy_minimal_client) JobEnded: {'identifier': 'examples_rclpy_minimal_client', 'rc': 0}
[16.596060] (examples_rclpy_minimal_service) JobStarted: {'identifier': 'examples_rclpy_minimal_service'}
[16.632575] (-) TimerEvent: {}
[16.735635] (-) TimerEvent: {}
[16.836661] (-) TimerEvent: {}
[16.937291] (-) TimerEvent: {}
[17.037783] (-) TimerEvent: {}
[17.138430] (-) TimerEvent: {}
[17.238920] (-) TimerEvent: {}
[17.339388] (-) TimerEvent: {}
[17.439919] (-) TimerEvent: {}
[17.529215] (examples_rclpy_minimal_service) Command: {'cmd': ['/usr/bin/python3', '-m', 'pytest'], 'cwd': '/home/aditya/ros2_ws/src/examples/rclpy/services/minimal_service', 'env': {'LESSOPEN': '| /usr/bin/lesspipe %s', 'LANGUAGE': 'en_IN:en', 'USER': 'aditya', 'XDG_SESSION_TYPE': 'wayland', 'SHLVL': '1', 'LD_LIBRARY_PATH': '/opt/ros/humble/opt/rviz_ogre_vendor/lib:/opt/ros/humble/lib/x86_64-linux-gnu:/opt/ros/humble/lib', 'HOME': '/home/aditya', 'OLDPWD': '/home/aditya', 'DESKTOP_SESSION': 'ubuntu', 'ROS_PYTHON_VERSION': '3', 'GNOME_SHELL_SESSION_MODE': 'ubuntu', 'GTK_MODULES': 'gail:atk-bridge', 'SYSTEMD_EXEC_PID': '2721', 'DBUS_SESSION_BUS_ADDRESS': 'unix:path=/run/user/1000/bus', 'COLORTERM': 'truecolor', 'IM_CONFIG_PHASE': '1', 'WAYLAND_DISPLAY': 'wayland-0', 'COLCON_PREFIX_PATH': '/home/aditya/ros2_ws/install', 'ROS_DISTRO': 'humble', 'LOGNAME': 'aditya', '_': '/usr/bin/colcon', 'ROS_VERSION': '2', 'XDG_SESSION_CLASS': 'user', 'USERNAME': 'aditya', 'TERM': 'xterm-256color', 'GNOME_DESKTOP_SESSION_ID': 'this-is-deprecated', 'ROS_LOCALHOST_ONLY': '0', 'PATH': '/opt/ros/humble/bin:/usr/local/sbin:/usr/local/bin:/usr/sbin:/usr/bin:/sbin:/bin:/usr/games:/usr/local/games:/snap/bin:/snap/bin', 'SESSION_MANAGER': 'local/ubuntu22:@/tmp/.ICE-unix/2690,unix/ubuntu22:/tmp/.ICE-unix/2690', 'XDG_MENU_PREFIX': 'gnome-', 'GNOME_TERMINAL_SCREEN': '/org/gnome/Terminal/screen/2a0bb8c0_ef1c_4b92_954c_66af5d09eff6', 'GNOME_SETUP_DISPLAY': ':1', 'XDG_RUNTIME_DIR': '/run/user/1000', 'DISPLAY': ':0', 'LANG': 'en_US.UTF-8', 'XDG_CURRENT_DESKTOP': 'ubuntu:GNOME', 'XMODIFIERS': '@im=ibus', 'XDG_SESSION_DESKTOP': 'ubuntu', 'XAUTHORITY': '/run/user/1000/.mutter-Xwaylandauth.G940P2', 'LS_COLORS': 'rs=0:di=01;34:ln=01;36:mh=00:pi=40;33:so=01;35:do=01;35:bd=40;33;01:cd=40;33;01:or=40;31;01:mi=00:su=37;41:sg=30;43:ca=30;41:tw=30;42:ow=34;42:st=37;44:ex=01;32:*.tar=01;31:*.tgz=01;31:*.arc=01;31:*.arj=01;31:*.taz=01;31:*.lha=01;31:*.lz4=01;31:*.lzh=01;31:*.lzma=01;31:*.tlz=01;31:*.txz=01;31:*.tzo=01;31:*.t7z=01;31:*.zip=01;31:*.z=01;31:*.dz=01;31:*.gz=01;31:*.lrz=01;31:*.lz=01;31:*.lzo=01;31:*.xz=01;31:*.zst=01;31:*.tzst=01;31:*.bz2=01;31:*.bz=01;31:*.tbz=01;31:*.tbz2=01;31:*.tz=01;31:*.deb=01;31:*.rpm=01;31:*.jar=01;31:*.war=01;31:*.ear=01;31:*.sar=01;31:*.rar=01;31:*.alz=01;31:*.ace=01;31:*.zoo=01;31:*.cpio=01;31:*.7z=01;31:*.rz=01;31:*.cab=01;31:*.wim=01;31:*.swm=01;31:*.dwm=01;31:*.esd=01;31:*.jpg=01;35:*.jpeg=01;35:*.mjpg=01;35:*.mjpeg=01;35:*.gif=01;35:*.bmp=01;35:*.pbm=01;35:*.pgm=01;35:*.ppm=01;35:*.tga=01;35:*.xbm=01;35:*.xpm=01;35:*.tif=01;35:*.tiff=01;35:*.png=01;35:*.svg=01;35:*.svgz=01;35:*.mng=01;35:*.pcx=01;35:*.mov=01;35:*.mpg=01;35:*.mpeg=01;35:*.m2v=01;35:*.mkv=01;35:*.webm=01;35:*.webp=01;35:*.ogm=01;35:*.mp4=01;35:*.m4v=01;35:*.mp4v=01;35:*.vob=01;35:*.qt=01;35:*.nuv=01;35:*.wmv=01;35:*.asf=01;35:*.rm=01;35:*.rmvb=01;35:*.flc=01;35:*.avi=01;35:*.fli=01;35:*.flv=01;35:*.gl=01;35:*.dl=01;35:*.xcf=01;35:*.xwd=01;35:*.yuv=01;35:*.cgm=01;35:*.emf=01;35:*.ogv=01;35:*.ogx=01;35:*.aac=00;36:*.au=00;36:*.flac=00;36:*.m4a=00;36:*.mid=00;36:*.midi=00;36:*.mka=00;36:*.mp3=00;36:*.mpc=00;36:*.ogg=00;36:*.ra=00;36:*.wav=00;36:*.oga=00;36:*.opus=00;36:*.spx=00;36:*.xspf=00;36:', 'GNOME_TERMINAL_SERVICE': ':1.150', 'SSH_AGENT_LAUNCHER': 'gnome-keyring', 'SSH_AUTH_SOCK': '/run/user/1000/keyring/ssh', 'AMENT_PREFIX_PATH': '/opt/ros/humble', 'SHELL': '/bin/bash', 'QT_ACCESSIBILITY': '1', 'GDMSESSION': 'ubuntu', 'LESSCLOSE': '/usr/bin/lesspipe %s %s', 'QT_IM_MODULE': 'ibus', 'PWD': '/home/aditya/ros2_ws/build/examples_rclpy_minimal_service', 'LC_ALL': 'en_US.UTF-8', 'XDG_CONFIG_DIRS': '/etc/xdg/xdg-ubuntu:/etc/xdg', 'XDG_DATA_DIRS': '/usr/share/ubuntu:/usr/local/share/:/usr/share/:/var/lib/snapd/desktop', 'PYTHONPATH': '/opt/ros/humble/lib/python3.10/site-packages:/opt/ros/humble/local/lib/python3.10/dist-packages', 'COLCON': '1', 'VTE_VERSION': '6800', 'PYTHONDONTWRITEBYTECODE': '1', 'PYTEST_ADDOPTS': '--tb=short --junit-xml=/home/aditya/ros2_ws/build/examples_rclpy_minimal_service/pytest.xml --junit-prefix=examples_rclpy_minimal_service -o cache_dir=/home/aditya/ros2_ws/build/examples_rclpy_minimal_service/.pytest_cache'}, 'shell': False}
[17.540064] (-) TimerEvent: {}
[17.640536] (-) TimerEvent: {}
[17.659702] (examples_rclpy_minimal_publisher) StdoutLine: {'line': b'\x1b[1m============================= test session starts ==============================\x1b[0m\n'}
[17.660155] (examples_rclpy_minimal_publisher) StdoutLine: {'line': b'platform linux -- Python 3.10.12, pytest-6.2.5, py-1.10.0, pluggy-0.13.0\n'}
[17.681776] (examples_rclpy_minimal_publisher) StdoutLine: {'line': b'cachedir: /home/aditya/ros2_ws/build/examples_rclpy_minimal_publisher/.pytest_cache\n'}
[17.682646] (examples_rclpy_minimal_publisher) StdoutLine: {'line': b'rootdir: /home/aditya/ros2_ws/src/examples/rclpy, configfile: pytest.ini\n'}
[17.683035] (examples_rclpy_minimal_publisher) StdoutLine: {'line': b'plugins: launch-testing-1.0.6, ament-lint-0.12.11, ament-xmllint-0.12.11, launch-testing-ros-0.19.7, ament-flake8-0.12.11, ament-pep257-0.12.11, ament-copyright-0.12.11, cov-3.0.0, colcon-core-0.16.1\n'}
[17.740737] (-) TimerEvent: {}
[17.841840] (-) TimerEvent: {}
[17.942884] (-) TimerEvent: {}
[18.043368] (-) TimerEvent: {}
[18.044466] (examples_rclpy_minimal_publisher) StdoutLine: {'line': b'\x1b[1mcollecting ... \x1b[0m\x1b[1m\n'}
[18.047209] (examples_rclpy_minimal_publisher) StdoutLine: {'line': b'collected 3 items                                                              \x1b[0m\n'}
[18.047546] (examples_rclpy_minimal_publisher) StdoutLine: {'line': b'\n'}
[18.143669] (-) TimerEvent: {}
[18.244658] (-) TimerEvent: {}
[18.346821] (-) TimerEvent: {}
[18.452995] (-) TimerEvent: {}
[18.554268] (-) TimerEvent: {}
[18.657988] (-) TimerEvent: {}
[18.762116] (-) TimerEvent: {}
[18.862997] (-) TimerEvent: {}
[18.965037] (-) TimerEvent: {}
[19.066936] (-) TimerEvent: {}
[19.167713] (-) TimerEvent: {}
[19.268945] (-) TimerEvent: {}
[19.371403] (-) TimerEvent: {}
[19.376486] (examples_rclpy_minimal_service) StdoutLine: {'line': b'\x1b[1m============================= test session starts ==============================\x1b[0m\n'}
[19.376886] (examples_rclpy_minimal_service) StdoutLine: {'line': b'platform linux -- Python 3.10.12, pytest-6.2.5, py-1.10.0, pluggy-0.13.0\n'}
[19.415361] (examples_rclpy_minimal_service) StdoutLine: {'line': b'cachedir: /home/aditya/ros2_ws/build/examples_rclpy_minimal_service/.pytest_cache\n'}
[19.415740] (examples_rclpy_minimal_service) StdoutLine: {'line': b'rootdir: /home/aditya/ros2_ws/src/examples/rclpy, configfile: pytest.ini\n'}
[19.416176] (examples_rclpy_minimal_service) StdoutLine: {'line': b'plugins: launch-testing-1.0.6, ament-lint-0.12.11, ament-xmllint-0.12.11, launch-testing-ros-0.19.7, ament-flake8-0.12.11, ament-pep257-0.12.11, ament-copyright-0.12.11, cov-3.0.0, colcon-core-0.16.1\n'}
[19.481791] (-) TimerEvent: {}
[19.531853] (examples_rclpy_minimal_publisher) StdoutLine: {'line': b'test/test_copyright.py \x1b[32m.\x1b[0m\x1b[32m                                                 [ 33%]\x1b[0m\n'}
[19.582000] (-) TimerEvent: {}
[19.682810] (-) TimerEvent: {}
[19.783285] (-) TimerEvent: {}
[19.886496] (-) TimerEvent: {}
[19.988303] (-) TimerEvent: {}
[20.049539] (examples_rclpy_minimal_service) StdoutLine: {'line': b'\x1b[1mcollecting ... \x1b[0m\x1b[1m\n'}
[20.088152] (examples_rclpy_minimal_service) StdoutLine: {'line': b'collecting 0 items                                                             \x1b[0m\x1b[1m\n'}
[20.088423] (-) TimerEvent: {}
[20.088620] (examples_rclpy_minimal_service) StdoutLine: {'line': b'collected 3 items                                                              \x1b[0m\n'}
[20.089831] (examples_rclpy_minimal_service) StdoutLine: {'line': b'\n'}
[20.189042] (-) TimerEvent: {}
[20.200337] (examples_rclpy_minimal_publisher) StdoutLine: {'line': b'test/test_flake8.py \x1b[32m.\x1b[0m\x1b[33m                                                    [ 66%]\x1b[0m\n'}
[20.291041] (-) TimerEvent: {}
[20.374359] (examples_rclpy_minimal_publisher) StderrLine: {'line': b'\n'}
[20.374778] (examples_rclpy_minimal_publisher) StderrLine: {'line': b'\x1b[33m=============================== warnings summary ===============================\x1b[0m\n'}
[20.375054] (examples_rclpy_minimal_publisher) StderrLine: {'line': b'topics/minimal_publisher/test/test_flake8.py::test_flake8\n'}
[20.375304] (examples_rclpy_minimal_publisher) StderrLine: {'line': b'topics/minimal_publisher/test/test_flake8.py::test_flake8\n'}
[20.375539] (examples_rclpy_minimal_publisher) StderrLine: {'line': b'  Warning: SelectableGroups dict interface is deprecated. Use select.\n'}
[20.375949] (examples_rclpy_minimal_publisher) StderrLine: {'line': b'\n'}
[20.376227] (examples_rclpy_minimal_publisher) StderrLine: {'line': b'-- Docs: https://docs.pytest.org/en/stable/warnings.html\n'}
[20.376710] (examples_rclpy_minimal_publisher) StdoutLine: {'line': b'test/test_pep257.py \x1b[32m.\x1b[0m\x1b[33m                                                    [100%]\x1b[0m\n'}
[20.382109] (examples_rclpy_minimal_publisher) StdoutLine: {'line': b'- generated xml file: /home/aditya/ros2_ws/build/examples_rclpy_minimal_publisher/pytest.xml -\n'}
[20.382400] (examples_rclpy_minimal_publisher) StdoutLine: {'line': b'\x1b[33m======================== \x1b[32m3 passed\x1b[0m, \x1b[33m\x1b[1m2 warnings\x1b[0m\x1b[33m in 2.72s\x1b[0m\x1b[33m =========================\x1b[0m\n'}
[20.391206] (-) TimerEvent: {}
[20.496453] (-) TimerEvent: {}
[20.596991] (-) TimerEvent: {}
[20.696849] (examples_rclpy_minimal_publisher) CommandEnded: {'returncode': 0}
[20.718850] (-) TimerEvent: {}
[20.719181] (examples_rclpy_minimal_publisher) JobEnded: {'identifier': 'examples_rclpy_minimal_publisher', 'rc': 0}
[20.720082] (examples_rclpy_minimal_subscriber) JobStarted: {'identifier': 'examples_rclpy_minimal_subscriber'}
[20.821955] (-) TimerEvent: {}
[20.922405] (-) TimerEvent: {}
[21.022888] (-) TimerEvent: {}
[21.123387] (-) TimerEvent: {}
[21.207103] (examples_rclpy_minimal_service) StdoutLine: {'line': b'test/test_copyright.py \x1b[32m.\x1b[0m\x1b[32m                                                 [ 33%]\x1b[0m\n'}
[21.223517] (-) TimerEvent: {}
[21.323955] (-) TimerEvent: {}
[21.424400] (-) TimerEvent: {}
[21.524844] (-) TimerEvent: {}
[21.591105] (examples_rclpy_minimal_service) StdoutLine: {'line': b'test/test_flake8.py \x1b[32m.\x1b[0m\x1b[33m                                                    [ 66%]\x1b[0m\n'}
[21.625022] (-) TimerEvent: {}
[21.686443] (examples_rclpy_minimal_service) StdoutLine: {'line': b'test/test_pep257.py \x1b[32m.\x1b[0m\x1b[33m                                                    [100%]\x1b[0m\n'}
[21.686998] (examples_rclpy_minimal_service) StderrLine: {'line': b'\n'}
[21.687426] (examples_rclpy_minimal_service) StderrLine: {'line': b'\x1b[33m=============================== warnings summary ===============================\x1b[0m\n'}
[21.687667] (examples_rclpy_minimal_service) StderrLine: {'line': b'services/minimal_service/test/test_flake8.py::test_flake8\n'}
[21.687828] (examples_rclpy_minimal_service) StderrLine: {'line': b'services/minimal_service/test/test_flake8.py::test_flake8\n'}
[21.687979] (examples_rclpy_minimal_service) StderrLine: {'line': b'  Warning: SelectableGroups dict interface is deprecated. Use select.\n'}
[21.688129] (examples_rclpy_minimal_service) StderrLine: {'line': b'\n'}
[21.688276] (examples_rclpy_minimal_service) StderrLine: {'line': b'-- Docs: https://docs.pytest.org/en/stable/warnings.html\n'}
[21.688685] (examples_rclpy_minimal_service) StdoutLine: {'line': b'- generated xml file: /home/aditya/ros2_ws/build/examples_rclpy_minimal_service/pytest.xml -\n'}
[21.688855] (examples_rclpy_minimal_service) StdoutLine: {'line': b'\x1b[33m======================== \x1b[32m3 passed\x1b[0m, \x1b[33m\x1b[1m2 warnings\x1b[0m\x1b[33m in 2.31s\x1b[0m\x1b[33m =========================\x1b[0m\n'}
[21.725451] (-) TimerEvent: {}
[21.835867] (-) TimerEvent: {}
[21.936914] (-) TimerEvent: {}
[22.037629] (-) TimerEvent: {}
[22.076997] (examples_rclpy_minimal_subscriber) Command: {'cmd': ['/usr/bin/python3', '-m', 'pytest'], 'cwd': '/home/aditya/ros2_ws/src/examples/rclpy/topics/minimal_subscriber', 'env': {'LESSOPEN': '| /usr/bin/lesspipe %s', 'LANGUAGE': 'en_IN:en', 'USER': 'aditya', 'XDG_SESSION_TYPE': 'wayland', 'SHLVL': '1', 'LD_LIBRARY_PATH': '/opt/ros/humble/opt/rviz_ogre_vendor/lib:/opt/ros/humble/lib/x86_64-linux-gnu:/opt/ros/humble/lib', 'HOME': '/home/aditya', 'OLDPWD': '/home/aditya', 'DESKTOP_SESSION': 'ubuntu', 'ROS_PYTHON_VERSION': '3', 'GNOME_SHELL_SESSION_MODE': 'ubuntu', 'GTK_MODULES': 'gail:atk-bridge', 'SYSTEMD_EXEC_PID': '2721', 'DBUS_SESSION_BUS_ADDRESS': 'unix:path=/run/user/1000/bus', 'COLORTERM': 'truecolor', 'IM_CONFIG_PHASE': '1', 'WAYLAND_DISPLAY': 'wayland-0', 'COLCON_PREFIX_PATH': '/home/aditya/ros2_ws/install', 'ROS_DISTRO': 'humble', 'LOGNAME': 'aditya', '_': '/usr/bin/colcon', 'ROS_VERSION': '2', 'XDG_SESSION_CLASS': 'user', 'USERNAME': 'aditya', 'TERM': 'xterm-256color', 'GNOME_DESKTOP_SESSION_ID': 'this-is-deprecated', 'ROS_LOCALHOST_ONLY': '0', 'PATH': '/opt/ros/humble/bin:/usr/local/sbin:/usr/local/bin:/usr/sbin:/usr/bin:/sbin:/bin:/usr/games:/usr/local/games:/snap/bin:/snap/bin', 'SESSION_MANAGER': 'local/ubuntu22:@/tmp/.ICE-unix/2690,unix/ubuntu22:/tmp/.ICE-unix/2690', 'XDG_MENU_PREFIX': 'gnome-', 'GNOME_TERMINAL_SCREEN': '/org/gnome/Terminal/screen/2a0bb8c0_ef1c_4b92_954c_66af5d09eff6', 'GNOME_SETUP_DISPLAY': ':1', 'XDG_RUNTIME_DIR': '/run/user/1000', 'DISPLAY': ':0', 'LANG': 'en_US.UTF-8', 'XDG_CURRENT_DESKTOP': 'ubuntu:GNOME', 'XMODIFIERS': '@im=ibus', 'XDG_SESSION_DESKTOP': 'ubuntu', 'XAUTHORITY': '/run/user/1000/.mutter-Xwaylandauth.G940P2', 'LS_COLORS': 'rs=0:di=01;34:ln=01;36:mh=00:pi=40;33:so=01;35:do=01;35:bd=40;33;01:cd=40;33;01:or=40;31;01:mi=00:su=37;41:sg=30;43:ca=30;41:tw=30;42:ow=34;42:st=37;44:ex=01;32:*.tar=01;31:*.tgz=01;31:*.arc=01;31:*.arj=01;31:*.taz=01;31:*.lha=01;31:*.lz4=01;31:*.lzh=01;31:*.lzma=01;31:*.tlz=01;31:*.txz=01;31:*.tzo=01;31:*.t7z=01;31:*.zip=01;31:*.z=01;31:*.dz=01;31:*.gz=01;31:*.lrz=01;31:*.lz=01;31:*.lzo=01;31:*.xz=01;31:*.zst=01;31:*.tzst=01;31:*.bz2=01;31:*.bz=01;31:*.tbz=01;31:*.tbz2=01;31:*.tz=01;31:*.deb=01;31:*.rpm=01;31:*.jar=01;31:*.war=01;31:*.ear=01;31:*.sar=01;31:*.rar=01;31:*.alz=01;31:*.ace=01;31:*.zoo=01;31:*.cpio=01;31:*.7z=01;31:*.rz=01;31:*.cab=01;31:*.wim=01;31:*.swm=01;31:*.dwm=01;31:*.esd=01;31:*.jpg=01;35:*.jpeg=01;35:*.mjpg=01;35:*.mjpeg=01;35:*.gif=01;35:*.bmp=01;35:*.pbm=01;35:*.pgm=01;35:*.ppm=01;35:*.tga=01;35:*.xbm=01;35:*.xpm=01;35:*.tif=01;35:*.tiff=01;35:*.png=01;35:*.svg=01;35:*.svgz=01;35:*.mng=01;35:*.pcx=01;35:*.mov=01;35:*.mpg=01;35:*.mpeg=01;35:*.m2v=01;35:*.mkv=01;35:*.webm=01;35:*.webp=01;35:*.ogm=01;35:*.mp4=01;35:*.m4v=01;35:*.mp4v=01;35:*.vob=01;35:*.qt=01;35:*.nuv=01;35:*.wmv=01;35:*.asf=01;35:*.rm=01;35:*.rmvb=01;35:*.flc=01;35:*.avi=01;35:*.fli=01;35:*.flv=01;35:*.gl=01;35:*.dl=01;35:*.xcf=01;35:*.xwd=01;35:*.yuv=01;35:*.cgm=01;35:*.emf=01;35:*.ogv=01;35:*.ogx=01;35:*.aac=00;36:*.au=00;36:*.flac=00;36:*.m4a=00;36:*.mid=00;36:*.midi=00;36:*.mka=00;36:*.mp3=00;36:*.mpc=00;36:*.ogg=00;36:*.ra=00;36:*.wav=00;36:*.oga=00;36:*.opus=00;36:*.spx=00;36:*.xspf=00;36:', 'GNOME_TERMINAL_SERVICE': ':1.150', 'SSH_AGENT_LAUNCHER': 'gnome-keyring', 'SSH_AUTH_SOCK': '/run/user/1000/keyring/ssh', 'AMENT_PREFIX_PATH': '/opt/ros/humble', 'SHELL': '/bin/bash', 'QT_ACCESSIBILITY': '1', 'GDMSESSION': 'ubuntu', 'LESSCLOSE': '/usr/bin/lesspipe %s %s', 'QT_IM_MODULE': 'ibus', 'PWD': '/home/aditya/ros2_ws/build/examples_rclpy_minimal_subscriber', 'LC_ALL': 'en_US.UTF-8', 'XDG_CONFIG_DIRS': '/etc/xdg/xdg-ubuntu:/etc/xdg', 'XDG_DATA_DIRS': '/usr/share/ubuntu:/usr/local/share/:/usr/share/:/var/lib/snapd/desktop', 'PYTHONPATH': '/opt/ros/humble/lib/python3.10/site-packages:/opt/ros/humble/local/lib/python3.10/dist-packages', 'COLCON': '1', 'VTE_VERSION': '6800', 'PYTHONDONTWRITEBYTECODE': '1', 'PYTEST_ADDOPTS': '--tb=short --junit-xml=/home/aditya/ros2_ws/build/examples_rclpy_minimal_subscriber/pytest.xml --junit-prefix=examples_rclpy_minimal_subscriber -o cache_dir=/home/aditya/ros2_ws/build/examples_rclpy_minimal_subscriber/.pytest_cache'}, 'shell': False}
[22.097277] (examples_rclpy_minimal_service) CommandEnded: {'returncode': 0}
[22.098171] (examples_rclpy_minimal_service) JobEnded: {'identifier': 'examples_rclpy_minimal_service', 'rc': 0}
[22.099157] (examples_rclpy_pointcloud_publisher) JobStarted: {'identifier': 'examples_rclpy_pointcloud_publisher'}
[22.105921] (examples_rclpy_pointcloud_publisher) JobEnded: {'identifier': 'examples_rclpy_pointcloud_publisher', 'rc': 1}
[22.107055] (launch_testing_examples) JobStarted: {'identifier': 'launch_testing_examples'}
[22.116385] (launch_testing_examples) JobEnded: {'identifier': 'launch_testing_examples', 'rc': 1}
[22.138619] (-) TimerEvent: {}
[22.239976] (-) TimerEvent: {}
[22.340522] (-) TimerEvent: {}
[22.441106] (-) TimerEvent: {}
[22.541578] (-) TimerEvent: {}
[22.643055] (-) TimerEvent: {}
[22.743642] (-) TimerEvent: {}
[22.845494] (-) TimerEvent: {}
[22.939314] (examples_rclpy_minimal_subscriber) StdoutLine: {'line': b'\x1b[1m============================= test session starts ==============================\x1b[0m\n'}
[22.939786] (examples_rclpy_minimal_subscriber) StdoutLine: {'line': b'platform linux -- Python 3.10.12, pytest-6.2.5, py-1.10.0, pluggy-0.13.0\n'}
[22.945664] (-) TimerEvent: {}
[22.954135] (examples_rclpy_minimal_subscriber) StdoutLine: {'line': b'cachedir: /home/aditya/ros2_ws/build/examples_rclpy_minimal_subscriber/.pytest_cache\n'}
[22.954465] (examples_rclpy_minimal_subscriber) StdoutLine: {'line': b'rootdir: /home/aditya/ros2_ws/src/examples/rclpy, configfile: pytest.ini\n'}
[22.954713] (examples_rclpy_minimal_subscriber) StdoutLine: {'line': b'plugins: launch-testing-1.0.6, ament-lint-0.12.11, ament-xmllint-0.12.11, launch-testing-ros-0.19.7, ament-flake8-0.12.11, ament-pep257-0.12.11, ament-copyright-0.12.11, cov-3.0.0, colcon-core-0.16.1\n'}
[23.046005] (-) TimerEvent: {}
[23.146546] (-) TimerEvent: {}
[23.191303] (examples_rclpy_minimal_subscriber) StdoutLine: {'line': b'\x1b[1mcollecting ... \x1b[0m\x1b[1m\n'}
[23.191698] (examples_rclpy_minimal_subscriber) StdoutLine: {'line': b'collected 3 items                                                              \x1b[0m\n'}
[23.192088] (examples_rclpy_minimal_subscriber) StdoutLine: {'line': b'\n'}
[23.246689] (-) TimerEvent: {}
[23.347088] (-) TimerEvent: {}
[23.448202] (-) TimerEvent: {}
[23.548794] (-) TimerEvent: {}
[23.649326] (-) TimerEvent: {}
[23.749882] (-) TimerEvent: {}
[23.796155] (examples_rclpy_minimal_subscriber) StdoutLine: {'line': b'test/test_copyright.py \x1b[32m.\x1b[0m\x1b[32m                                                 [ 33%]\x1b[0m\n'}
[23.850041] (-) TimerEvent: {}
[23.950827] (-) TimerEvent: {}
[24.053024] (-) TimerEvent: {}
[24.155651] (-) TimerEvent: {}
[24.201550] (examples_rclpy_minimal_subscriber) StdoutLine: {'line': b'test/test_flake8.py \x1b[32m.\x1b[0m\x1b[33m                                                    [ 66%]\x1b[0m\n'}
[24.256327] (-) TimerEvent: {}
[24.302481] (examples_rclpy_minimal_subscriber) StdoutLine: {'line': b'test/test_pep257.py \x1b[32m.\x1b[0m\x1b[33m                                                    [100%]\x1b[0m\n'}
[24.303013] (examples_rclpy_minimal_subscriber) StderrLine: {'line': b'\n'}
[24.303316] (examples_rclpy_minimal_subscriber) StderrLine: {'line': b'\x1b[33m=============================== warnings summary ===============================\x1b[0m\n'}
[24.303485] (examples_rclpy_minimal_subscriber) StderrLine: {'line': b'topics/minimal_subscriber/test/test_flake8.py::test_flake8\n'}
[24.303638] (examples_rclpy_minimal_subscriber) StderrLine: {'line': b'topics/minimal_subscriber/test/test_flake8.py::test_flake8\n'}
[24.303788] (examples_rclpy_minimal_subscriber) StderrLine: {'line': b'  Warning: SelectableGroups dict interface is deprecated. Use select.\n'}
[24.304160] (examples_rclpy_minimal_subscriber) StderrLine: {'line': b'\n'}
[24.304335] (examples_rclpy_minimal_subscriber) StderrLine: {'line': b'-- Docs: https://docs.pytest.org/en/stable/warnings.html\n'}
[24.304488] (examples_rclpy_minimal_subscriber) StdoutLine: {'line': b'- generated xml file: /home/aditya/ros2_ws/build/examples_rclpy_minimal_subscriber/pytest.xml -\n'}
[24.304647] (examples_rclpy_minimal_subscriber) StdoutLine: {'line': b'\x1b[33m======================== \x1b[32m3 passed\x1b[0m, \x1b[33m\x1b[1m2 warnings\x1b[0m\x1b[33m in 1.36s\x1b[0m\x1b[33m =========================\x1b[0m\n'}
[24.356496] (-) TimerEvent: {}
[24.457445] (-) TimerEvent: {}
[24.522574] (examples_rclpy_minimal_subscriber) CommandEnded: {'returncode': 0}
[24.523606] (examples_rclpy_minimal_subscriber) JobEnded: {'identifier': 'examples_rclpy_minimal_subscriber', 'rc': 0}
[24.533769] (-) EventReactorShutdown: {}
