<?xml version="1.0" encoding="utf-8"?><testsuites><testsuite name="pytest" errors="0" failures="0" skipped="0" tests="3" time="2.315" timestamp="2024-06-27T18:45:29.082447" hostname="ubuntu22"><testcase classname="examples_rclpy_executors.executors.test.test_copyright" name="test_copyright" time="1.016" /><testcase classname="examples_rclpy_executors.executors.test.test_flake8" name="test_flake8" time="0.672" /><testcase classname="examples_rclpy_executors.executors.test.test_pep257" name="test_pep257" time="0.163" /></testsuite></testsuites>